2026-05-09 11:21:06 [INFO] 日志文件：C:\AI\data_cleaning\log\clean_20260509_112106.log
2026-05-09 11:21:06 [INFO] ============================================================
2026-05-09 11:21:06 [INFO] 文档清洗工具启动
2026-05-09 11:21:06 [INFO] 输入目录：input
2026-05-09 11:21:06 [INFO] 输出目录：output
2026-05-09 11:21:06 [INFO] MinerU 模式：precision
2026-05-09 11:21:06 [INFO] 批次大小：2
2026-05-09 11:21:06 [INFO] 配置文件：config.yaml
2026-05-09 11:21:06 [INFO] ============================================================
2026-05-09 11:21:06 [INFO] 未发现 Markdown 文件
2026-05-09 11:21:06 [INFO] 发现 1 个非 Markdown 文件，开始转换（使用 MinerU precision 模式）...
2026-05-09 11:21:06 [INFO] MinerU 处理第 1-1 个文件（模式：precision）
2026-05-09 11:21:06 [INFO] 上传文件进行 precision 模式转换：input\20230426 - tadb1主机内存使用率分析报告.docx
2026-05-09 11:21:06 [INFO] 申请上传 URL：20230426 - tadb1主机内存使用率分析报告.docx
2026-05-09 11:21:06 [INFO] 上传文件：20230426 - tadb1主机内存使用率分析报告.docx
2026-05-09 11:21:06 [INFO] 文件上传成功：20230426 - tadb1主机内存使用率分析报告.docx
2026-05-09 11:21:06 [INFO] 批次 d78ee9b9-3d51-42e9-a6fd-7a296bf03583 已提交，开始轮询状态...
2026-05-09 11:21:07 [DEBUG] 批次 d78ee9b9-3d51-42e9-a6fd-7a296bf03583 处理中...（?/? 页，耗时 0s）
2026-05-09 11:21:22 [DEBUG] 批次 d78ee9b9-3d51-42e9-a6fd-7a296bf03583 处理中...（?/? 页，耗时 15s）
2026-05-09 11:21:38 [DEBUG] 批次 d78ee9b9-3d51-42e9-a6fd-7a296bf03583 处理中...（?/? 页，耗时 31s）
2026-05-09 11:21:53 [DEBUG] 批次 d78ee9b9-3d51-42e9-a6fd-7a296bf03583 处理中...（?/? 页，耗时 46s）
2026-05-09 11:22:08 [DEBUG] 批次 d78ee9b9-3d51-42e9-a6fd-7a296bf03583 处理中...（?/? 页，耗时 61s）
2026-05-09 11:22:24 [DEBUG] 批次 d78ee9b9-3d51-42e9-a6fd-7a296bf03583 处理中...（?/? 页，耗时 77s）
2026-05-09 11:22:39 [DEBUG] 批次 d78ee9b9-3d51-42e9-a6fd-7a296bf03583 处理中...（?/? 页，耗时 92s）
2026-05-09 11:22:55 [DEBUG] 批次 d78ee9b9-3d51-42e9-a6fd-7a296bf03583 处理中...（?/? 页，耗时 108s）
2026-05-09 11:23:10 [DEBUG] 批次 d78ee9b9-3d51-42e9-a6fd-7a296bf03583 处理中...（?/? 页，耗时 123s）
2026-05-09 11:23:25 [DEBUG] 批次 d78ee9b9-3d51-42e9-a6fd-7a296bf03583 处理中...（?/? 页，耗时 138s）
2026-05-09 11:23:41 [DEBUG] 批次 d78ee9b9-3d51-42e9-a6fd-7a296bf03583 处理中...（?/? 页，耗时 154s）
2026-05-09 11:23:56 [DEBUG] 批次 d78ee9b9-3d51-42e9-a6fd-7a296bf03583 处理中...（?/? 页，耗时 169s）
2026-05-09 11:24:12 [DEBUG] 批次 d78ee9b9-3d51-42e9-a6fd-7a296bf03583 处理中...（?/? 页，耗时 185s）
2026-05-09 11:24:27 [DEBUG] 批次 d78ee9b9-3d51-42e9-a6fd-7a296bf03583 处理中...（?/? 页，耗时 200s）
2026-05-09 11:24:43 [DEBUG] 批次 d78ee9b9-3d51-42e9-a6fd-7a296bf03583 处理中...（?/? 页，耗时 216s）
2026-05-09 11:24:58 [DEBUG] 批次 d78ee9b9-3d51-42e9-a6fd-7a296bf03583 处理中...（?/? 页，耗时 231s）
