2026-05-09 11:26:42 [INFO] 日志文件：C:\AI\data_cleaning\log\clean_20260509_112642.log
2026-05-09 11:26:42 [INFO] ============================================================
2026-05-09 11:26:42 [INFO] 文档清洗工具启动
2026-05-09 11:26:42 [INFO] 输入目录：input
2026-05-09 11:26:42 [INFO] 输出目录：output
2026-05-09 11:26:42 [INFO] MinerU 模式：agent
2026-05-09 11:26:42 [INFO] 批次大小：2
2026-05-09 11:26:42 [INFO] 配置文件：config.yaml
2026-05-09 11:26:42 [INFO] ============================================================
2026-05-09 11:26:42 [INFO] 未发现 Markdown 文件
2026-05-09 11:26:42 [INFO] 发现 1 个非 Markdown 文件，开始转换（使用 MinerU agent 模式）...
2026-05-09 11:26:42 [INFO] agent（轻量）模式：一次只能解析一个文件，强制批次大小为 1
2026-05-09 11:26:42 [INFO] MinerU 处理第 1-1 个文件（模式：agent）
2026-05-09 11:26:42 [INFO] 上传文件进行 agent 模式转换：input\20230426 - tadb1主机内存使用率分析报告.docx
2026-05-09 11:26:42 [INFO] 申请上传 URL（agent 模式）：20230426 - tadb1主机内存使用率分析报告.docx
2026-05-09 11:26:42 [INFO] 上传文件（agent 模式）：20230426 - tadb1主机内存使用率分析报告.docx
2026-05-09 11:26:43 [INFO] 文件上传成功（agent 模式）：20230426 - tadb1主机内存使用率分析报告.docx
2026-05-09 11:26:43 [INFO] 批次 ea241a46-6f58-4a6d-a71f-ac66bd61c323 已提交，开始轮询状态...
2026-05-09 11:26:43 [DEBUG] 批次 ea241a46-6f58-4a6d-a71f-ac66bd61c323 处理中...（?/? 页，耗时 0s）
2026-05-09 11:26:59 [DEBUG] 批次 ea241a46-6f58-4a6d-a71f-ac66bd61c323 处理中...（?/? 页，耗时 15s）
2026-05-09 11:27:14 [DEBUG] 批次 ea241a46-6f58-4a6d-a71f-ac66bd61c323 处理中...（?/? 页，耗时 31s）
2026-05-09 11:27:29 [DEBUG] 批次 ea241a46-6f58-4a6d-a71f-ac66bd61c323 处理中...（?/? 页，耗时 46s）
2026-05-09 11:27:45 [DEBUG] 批次 ea241a46-6f58-4a6d-a71f-ac66bd61c323 处理中...（?/? 页，耗时 61s）
2026-05-09 11:28:00 [DEBUG] 批次 ea241a46-6f58-4a6d-a71f-ac66bd61c323 处理中...（?/? 页，耗时 77s）
2026-05-09 11:28:16 [DEBUG] 批次 ea241a46-6f58-4a6d-a71f-ac66bd61c323 处理中...（?/? 页，耗时 92s）
2026-05-09 11:28:31 [DEBUG] 批次 ea241a46-6f58-4a6d-a71f-ac66bd61c323 处理中...（?/? 页，耗时 108s）
2026-05-09 11:28:46 [DEBUG] 批次 ea241a46-6f58-4a6d-a71f-ac66bd61c323 处理中...（?/? 页，耗时 123s）
2026-05-09 11:29:02 [DEBUG] 批次 ea241a46-6f58-4a6d-a71f-ac66bd61c323 处理中...（?/? 页，耗时 138s）
2026-05-09 11:29:17 [DEBUG] 批次 ea241a46-6f58-4a6d-a71f-ac66bd61c323 处理中...（?/? 页，耗时 154s）
2026-05-09 11:29:33 [DEBUG] 批次 ea241a46-6f58-4a6d-a71f-ac66bd61c323 处理中...（?/? 页，耗时 169s）
2026-05-09 11:29:48 [DEBUG] 批次 ea241a46-6f58-4a6d-a71f-ac66bd61c323 处理中...（?/? 页，耗时 185s）
2026-05-09 11:30:03 [DEBUG] 批次 ea241a46-6f58-4a6d-a71f-ac66bd61c323 处理中...（?/? 页，耗时 200s）
2026-05-09 11:30:19 [DEBUG] 批次 ea241a46-6f58-4a6d-a71f-ac66bd61c323 处理中...（?/? 页，耗时 216s）
2026-05-09 11:30:34 [DEBUG] 批次 ea241a46-6f58-4a6d-a71f-ac66bd61c323 处理中...（?/? 页，耗时 231s）
2026-05-09 11:30:50 [DEBUG] 批次 ea241a46-6f58-4a6d-a71f-ac66bd61c323 处理中...（?/? 页，耗时 246s）
2026-05-09 11:31:05 [DEBUG] 批次 ea241a46-6f58-4a6d-a71f-ac66bd61c323 处理中...（?/? 页，耗时 262s）
2026-05-09 11:31:21 [DEBUG] 批次 ea241a46-6f58-4a6d-a71f-ac66bd61c323 处理中...（?/? 页，耗时 277s）
2026-05-09 11:31:36 [DEBUG] 批次 ea241a46-6f58-4a6d-a71f-ac66bd61c323 处理中...（?/? 页，耗时 293s）
2026-05-09 11:31:51 [ERROR] 批次 ea241a46-6f58-4a6d-a71f-ac66bd61c323 超时（超过 300 秒）
2026-05-09 11:31:51 [WARNING] 文件 input\20230426 - tadb1主机内存使用率分析报告.docx 转换失败，跳过
2026-05-09 11:31:51 [INFO] MinerU 转换完成：0/1 个成功
2026-05-09 11:31:51 [INFO] ============================================================
2026-05-09 11:31:51 [INFO] 所有文件处理完成！输出目录：output
2026-05-09 11:31:51 [INFO] ============================================================
