2026-05-10 22:07:51 [INFO] 日志文件：C:\AI\data_cleaning\log\clean_20260510_220751.log
2026-05-10 22:07:51 [INFO] ============================================================
2026-05-10 22:07:51 [INFO] 文档清洗工具启动
2026-05-10 22:07:51 [INFO] 输入目录：.\input
2026-05-10 22:07:51 [INFO] 输出目录：.\output
2026-05-10 22:07:51 [INFO] MinerU 模式：agent
2026-05-10 22:07:51 [INFO] 批次大小：2
2026-05-10 22:07:51 [INFO] 配置文件：.\config.yaml
2026-05-10 22:07:51 [INFO] ============================================================
2026-05-10 22:07:51 [INFO] 未发现 Markdown 文件
2026-05-10 22:07:51 [INFO] 发现 1 个 Excel 文件，开始转换...
2026-05-10 22:07:51 [INFO] 处理第 1-1 个 Excel 文件
2026-05-10 22:07:51 [INFO] 转换 Excel：.\input\问题排查登记表 (2).xlsx
2026-05-10 22:07:51 [INFO] 开始清洗：.\input\问题排查登记表 (2).xlsx
2026-05-10 22:07:51 [INFO]   [EncodingProcessor] 处理完成（0.03s）
2026-05-10 22:07:51 [INFO]   [DenoiseProcessor] 处理完成（0.00s）
2026-05-10 22:07:51 [INFO]   [TableProcessor] 处理完成（0.00s）
2026-05-10 22:07:51 [INFO]   [ErrorProcessor] 处理完成（0.00s）
2026-05-10 22:07:51 [INFO]   [DedupProcessor] 处理完成（0.00s）
2026-05-10 22:07:51 [INFO]   [FormatStandardizationProcessor] 处理完成（0.00s）
2026-05-10 22:07:51 [INFO] 完成：问题排查登记表 (2).xlsx -> 问题排查登记表 (2).md
2026-05-10 22:07:51 [INFO] Excel 文件处理完成：1/1 个成功
2026-05-10 22:07:51 [INFO] 发现 3 个非 Markdown 文件，开始转换（回退策略：agent 模式 → 本地转换）...
2026-05-10 22:07:51 [INFO] agent（轻量）模式：一次只能解析一个文件，强制批次大小为 1
2026-05-10 22:07:51 [INFO] MinerU 处理第 1-1 个文件（模式：agent）
2026-05-10 22:07:51 [INFO] 上传文件进行 agent 模式转换：.\input\兴业证券redo卷时延增高问题分析报告.pdf
2026-05-10 22:07:51 [WARNING] PDF 页数 21 超过 Agent 模式限制（20 页），跳过：兴业证券redo卷时延增高问题分析报告.pdf
2026-05-10 22:07:51 [INFO] MinerU 所有模式均失败，回退到本地转换 (.pdf)：.\input\兴业证券redo卷时延增高问题分析报告.pdf
2026-05-10 22:07:53 [INFO] 本地转换成功 (.pdf)：.\input\兴业证券redo卷时延增高问题分析报告.pdf
2026-05-10 22:07:53 [INFO] 清洗转换结果：.\input\兴业证券redo卷时延增高问题分析报告.pdf
2026-05-10 22:07:53 [INFO]   [EncodingProcessor] 处理完成（0.01s）
2026-05-10 22:07:53 [INFO]   [DenoiseProcessor] 处理完成（0.00s）
2026-05-10 22:07:53 [INFO]   [TableProcessor] 处理完成（0.00s）
2026-05-10 22:07:53 [INFO]   [ErrorProcessor] 处理完成（0.00s）
2026-05-10 22:07:53 [INFO]   [DedupProcessor] 处理完成（0.00s）
2026-05-10 22:07:53 [INFO]   [FormatStandardizationProcessor] 处理完成（0.00s）
2026-05-10 22:07:53 [INFO] 章节识别完成：共 10 个章节（Markdown 标题 0，数字编号 10）
2026-05-10 22:08:22 [INFO]   [SegmentIntroProcessor] 处理完成（28.49s）
2026-05-10 22:08:22 [INFO] 完成：兴业证券redo卷时延增高问题分析报告.pdf -> 兴业证券redo卷时延增高问题分析报告.md
2026-05-10 22:08:22 [INFO] MinerU 处理第 2-2 个文件（模式：agent）
2026-05-10 22:08:22 [INFO] 上传文件进行 agent 模式转换：.\input\生产事件复盘报告-（IN20230220000026）优理宝移动终端浙江区域少量客户登录异常(1).docx
2026-05-10 22:08:22 [INFO] Agent 模式提交文件：生产事件复盘报告-（IN20230220000026）优理宝移动终端浙江区域少量客户登录异常(1).docx
2026-05-10 22:08:22 [INFO] Agent 任务已提交：f9cdc8b9-9e67-4992-a1be-ef4b7a88315107
2026-05-10 22:08:22 [INFO] 上传文件：生产事件复盘报告-（IN20230220000026）优理宝移动终端浙江区域少量客户登录异常(1).docx
2026-05-10 22:08:23 [INFO] 文件上传成功：生产事件复盘报告-（IN20230220000026）优理宝移动终端浙江区域少量客户登录异常(1).docx
2026-05-10 22:08:23 [INFO] Agent 任务 f9cdc8b9-9e67-4992-a1be-ef4b7a88315107 已提交，开始轮询状态...
2026-05-10 22:08:23 [DEBUG] Agent 任务 f9cdc8b9-9e67-4992-a1be-ef4b7a88315107 处理中...（状态：waiting-file，耗时 0s）
2026-05-10 22:08:38 [INFO] Agent 任务 f9cdc8b9-9e67-4992-a1be-ef4b7a88315107 已完成
2026-05-10 22:08:38 [INFO] 下载 Markdown：https://cdn-mineru.openxlab.org.cn/pdf/2026-05-10/07c83fd8-2995-48db-aa74-ef978a16bf35/full.md
2026-05-10 22:08:39 [INFO] 清洗转换结果：.\input\生产事件复盘报告-（IN20230220000026）优理宝移动终端浙江区域少量客户登录异常(1).docx
2026-05-10 22:08:39 [INFO]   [EncodingProcessor] 处理完成（0.00s）
2026-05-10 22:08:39 [INFO]   [DenoiseProcessor] 处理完成（0.00s）
2026-05-10 22:08:39 [INFO]   [TableProcessor] 处理完成（0.00s）
2026-05-10 22:08:39 [INFO]   [ErrorProcessor] 处理完成（0.00s）
2026-05-10 22:08:39 [INFO]   [DedupProcessor] 处理完成（0.00s）
2026-05-10 22:08:39 [INFO]   [FormatStandardizationProcessor] 处理完成（0.00s）
2026-05-10 22:08:39 [INFO] 章节识别完成：共 11 个章节（Markdown 标题 11，数字编号 0）
2026-05-10 22:09:16 [INFO]   [SegmentIntroProcessor] 处理完成（36.56s）
2026-05-10 22:09:16 [INFO] 完成：生产事件复盘报告-（IN20230220000026）优理宝移动终端浙江区域少量客户登录异常(1).docx -> 生产事件复盘报告-（IN20230220000026）优理宝移动终端浙江区域少量客户登录异常(1).md
2026-05-10 22:09:16 [INFO] MinerU 处理第 3-3 个文件（模式：agent）
2026-05-10 22:09:16 [INFO] 上传文件进行 agent 模式转换：.\input\生产事件复盘报告-（IN20240729000016）同余数据报送异常.docx
2026-05-10 22:09:16 [INFO] Agent 模式提交文件：生产事件复盘报告-（IN20240729000016）同余数据报送异常.docx
2026-05-10 22:09:16 [INFO] Agent 任务已提交：e6dca21b-bea8-4ed5-82e0-2caf863b33cc07
2026-05-10 22:09:16 [INFO] 上传文件：生产事件复盘报告-（IN20240729000016）同余数据报送异常.docx
2026-05-10 22:09:16 [INFO] 文件上传成功：生产事件复盘报告-（IN20240729000016）同余数据报送异常.docx
2026-05-10 22:09:16 [INFO] Agent 任务 e6dca21b-bea8-4ed5-82e0-2caf863b33cc07 已提交，开始轮询状态...
2026-05-10 22:09:17 [DEBUG] Agent 任务 e6dca21b-bea8-4ed5-82e0-2caf863b33cc07 处理中...（状态：waiting-file，耗时 0s）
2026-05-10 22:09:32 [INFO] Agent 任务 e6dca21b-bea8-4ed5-82e0-2caf863b33cc07 已完成
2026-05-10 22:09:32 [INFO] 下载 Markdown：https://cdn-mineru.openxlab.org.cn/pdf/2026-05-10/65f7daf0-e79b-4519-a253-3ea3a9ca6777/full.md
2026-05-10 22:09:33 [INFO] 清洗转换结果：.\input\生产事件复盘报告-（IN20240729000016）同余数据报送异常.docx
2026-05-10 22:09:33 [INFO]   [EncodingProcessor] 处理完成（0.01s）
2026-05-10 22:09:33 [INFO]   [DenoiseProcessor] 处理完成（0.00s）
2026-05-10 22:09:33 [INFO]   [TableProcessor] 处理完成（0.00s）
2026-05-10 22:09:33 [INFO]   [ErrorProcessor] 处理完成（0.00s）
2026-05-10 22:09:33 [INFO]   [DedupProcessor] 处理完成（0.00s）
2026-05-10 22:09:33 [INFO]   [FormatStandardizationProcessor] 处理完成（0.00s）
2026-05-10 22:09:33 [INFO] 章节识别完成：共 14 个章节（Markdown 标题 14，数字编号 0）
2026-05-10 22:10:05 [INFO]   [SegmentIntroProcessor] 处理完成（32.36s）
2026-05-10 22:10:05 [INFO] 完成：生产事件复盘报告-（IN20240729000016）同余数据报送异常.docx -> 生产事件复盘报告-（IN20240729000016）同余数据报送异常.md
2026-05-10 22:10:05 [INFO] MinerU 转换完成：3/3 个成功
2026-05-10 22:10:05 [INFO] ============================================================
2026-05-10 22:10:05 [INFO] 所有文件处理完成！输出目录：.\output
2026-05-10 22:10:05 [INFO] ============================================================
