2026-06-21 11:24:42 [INFO] 日志文件：c:\ai\data_cleaning\log\clean_20260621_112442.log
2026-06-21 11:24:42 [INFO] ============================================================
2026-06-21 11:24:42 [INFO] 文档清洗工具启动
2026-06-21 11:24:42 [INFO] 输入目录：c:\ai\data_cleaning\input
2026-06-21 11:24:42 [INFO] 输出目录：c:\ai\data_cleaning\output
2026-06-21 11:24:42 [INFO] MinerU 模式：precision
2026-06-21 11:24:42 [INFO] 批次大小：2
2026-06-21 11:24:42 [INFO] 配置文件：c:\ai\data_cleaning\config.yaml
2026-06-21 11:24:42 [INFO] ============================================================
2026-06-21 11:24:42 [INFO] 未发现 Markdown 文件
2026-06-21 11:24:42 [INFO] 发现 1 个 Excel 文件，开始转换...
2026-06-21 11:24:42 [INFO] 处理第 1-1 个 Excel 文件
2026-06-21 11:24:42 [INFO] 转换 Excel：c:\ai\data_cleaning\input\问题排查登记表 (2).xlsx
2026-06-21 11:24:42 [INFO] 开始清洗：c:\ai\data_cleaning\input\问题排查登记表 (2).xlsx
2026-06-21 11:24:42 [INFO]   [EncodingProcessor] 处理完成（0.04s）
2026-06-21 11:24:42 [INFO]   [DenoiseProcessor] 处理完成（0.00s）
2026-06-21 11:24:42 [INFO]   [TableProcessor] 处理完成（0.00s）
2026-06-21 11:24:42 [INFO]   [ErrorProcessor] 处理完成（0.00s）
2026-06-21 11:24:42 [INFO]   [DedupProcessor] 处理完成（0.00s）
2026-06-21 11:24:42 [INFO]   [FormatStandardizationProcessor] 处理完成（0.00s）
2026-06-21 11:24:42 [INFO] 完成：问题排查登记表 (2).xlsx -> 问题排查登记表 (2).md
2026-06-21 11:24:42 [INFO] Excel 文件处理完成：1/1 个成功
2026-06-21 11:24:42 [INFO] 发现 3 个非 Markdown 文件，开始转换（回退策略：precision 模式 → Agent 轻量模式 → 本地转换）...
2026-06-21 11:24:42 [INFO] MinerU 处理第 1-2 个文件（模式：precision）
2026-06-21 11:24:42 [INFO] 上传文件进行 precision 模式转换：c:\ai\data_cleaning\input\兴业证券redo卷时延增高问题分析报告.pdf
2026-06-21 11:24:42 [INFO] 申请上传 URL：兴业证券redo卷时延增高问题分析报告.pdf
2026-06-21 11:24:43 [INFO] 上传文件：兴业证券redo卷时延增高问题分析报告.pdf
2026-06-21 11:24:44 [INFO] 文件上传成功：兴业证券redo卷时延增高问题分析报告.pdf
2026-06-21 11:24:44 [INFO] 批次 baf5ba67-b8cf-4c23-8e7a-9c1c24b71828 已提交，开始轮询状态...
2026-06-21 11:24:44 [DEBUG] 批次 baf5ba67-b8cf-4c23-8e7a-9c1c24b71828 处理中...（状态：waiting-file，耗时 0s）
2026-06-21 11:24:59 [DEBUG] 批次 baf5ba67-b8cf-4c23-8e7a-9c1c24b71828 处理中...（状态：pending，耗时 15s）
2026-06-21 11:25:14 [INFO] 批次 baf5ba67-b8cf-4c23-8e7a-9c1c24b71828 已完成
2026-06-21 11:25:14 [INFO] 下载转换结果：https://cdn-mineru.openxlab.org.cn/pdf/2026-06-21/8739f77e-29ff-4dda-b13f-af0475418077.zip
2026-06-21 11:25:15 [INFO] 清洗转换结果：c:\ai\data_cleaning\input\兴业证券redo卷时延增高问题分析报告.pdf
2026-06-21 11:25:16 [INFO]   [EncodingProcessor] 处理完成（0.02s）
2026-06-21 11:25:16 [INFO]   [DenoiseProcessor] 处理完成（0.00s）
2026-06-21 11:25:16 [INFO]   [TableProcessor] 处理完成（0.00s）
2026-06-21 11:25:16 [INFO]   [ErrorProcessor] 处理完成（0.00s）
2026-06-21 11:25:16 [INFO]   [DedupProcessor] 处理完成（0.00s）
2026-06-21 11:25:16 [INFO]   [FormatStandardizationProcessor] 处理完成（0.00s）
2026-06-21 11:25:16 [INFO] 章节识别完成：共 24 个章节（Markdown 标题 14，数字编号 10）
2026-06-21 11:25:42 [INFO]   [SegmentIntroProcessor] 处理完成（26.39s）
2026-06-21 11:25:42 [INFO] 完成：兴业证券redo卷时延增高问题分析报告.pdf -> 兴业证券redo卷时延增高问题分析报告.md
2026-06-21 11:25:42 [INFO] 上传文件进行 precision 模式转换：c:\ai\data_cleaning\input\生产事件复盘报告-（IN20230220000026）优理宝移动终端浙江区域少量客户登录异常(1).docx
2026-06-21 11:25:42 [INFO] 申请上传 URL：生产事件复盘报告-（IN20230220000026）优理宝移动终端浙江区域少量客户登录异常(1).docx
2026-06-21 11:25:42 [INFO] 上传文件：生产事件复盘报告-（IN20230220000026）优理宝移动终端浙江区域少量客户登录异常(1).docx
2026-06-21 11:25:42 [INFO] 文件上传成功：生产事件复盘报告-（IN20230220000026）优理宝移动终端浙江区域少量客户登录异常(1).docx
2026-06-21 11:25:42 [INFO] 批次 8e964def-9b8d-4a7d-8030-f6bffa7e2b16 已提交，开始轮询状态...
2026-06-21 11:25:43 [DEBUG] 批次 8e964def-9b8d-4a7d-8030-f6bffa7e2b16 处理中...（状态：waiting-file，耗时 0s）
2026-06-21 11:25:58 [DEBUG] 批次 8e964def-9b8d-4a7d-8030-f6bffa7e2b16 处理中...（状态：pending，耗时 15s）
2026-06-21 11:26:13 [DEBUG] 批次 8e964def-9b8d-4a7d-8030-f6bffa7e2b16 处理中...（状态：pending，耗时 30s）
2026-06-21 11:26:28 [DEBUG] 批次 8e964def-9b8d-4a7d-8030-f6bffa7e2b16 处理中...（状态：pending，耗时 45s）
2026-06-21 11:26:43 [DEBUG] 批次 8e964def-9b8d-4a7d-8030-f6bffa7e2b16 处理中...（状态：pending，耗时 61s）
2026-06-21 11:26:59 [DEBUG] 批次 8e964def-9b8d-4a7d-8030-f6bffa7e2b16 处理中...（状态：pending，耗时 76s）
2026-06-21 11:27:14 [DEBUG] 批次 8e964def-9b8d-4a7d-8030-f6bffa7e2b16 处理中...（状态：pending，耗时 91s）
2026-06-21 11:27:29 [DEBUG] 批次 8e964def-9b8d-4a7d-8030-f6bffa7e2b16 处理中...（状态：pending，耗时 106s）
2026-06-21 11:27:44 [DEBUG] 批次 8e964def-9b8d-4a7d-8030-f6bffa7e2b16 处理中...（状态：pending，耗时 121s）
2026-06-21 11:27:59 [DEBUG] 批次 8e964def-9b8d-4a7d-8030-f6bffa7e2b16 处理中...（状态：pending，耗时 136s）
2026-06-21 11:28:15 [DEBUG] 批次 8e964def-9b8d-4a7d-8030-f6bffa7e2b16 处理中...（状态：pending，耗时 152s）
2026-06-21 11:28:30 [DEBUG] 批次 8e964def-9b8d-4a7d-8030-f6bffa7e2b16 处理中...（状态：pending，耗时 167s）
2026-06-21 11:28:45 [DEBUG] 批次 8e964def-9b8d-4a7d-8030-f6bffa7e2b16 处理中...（状态：pending，耗时 182s）
2026-06-21 11:29:00 [DEBUG] 批次 8e964def-9b8d-4a7d-8030-f6bffa7e2b16 处理中...（状态：pending，耗时 197s）
2026-06-21 11:29:15 [DEBUG] 批次 8e964def-9b8d-4a7d-8030-f6bffa7e2b16 处理中...（状态：pending，耗时 212s）
2026-06-21 11:29:30 [DEBUG] 批次 8e964def-9b8d-4a7d-8030-f6bffa7e2b16 处理中...（状态：pending，耗时 228s）
2026-06-21 11:29:46 [DEBUG] 批次 8e964def-9b8d-4a7d-8030-f6bffa7e2b16 处理中...（状态：pending，耗时 243s）
2026-06-21 11:30:01 [DEBUG] 批次 8e964def-9b8d-4a7d-8030-f6bffa7e2b16 处理中...（状态：pending，耗时 258s）
2026-06-21 11:30:16 [DEBUG] 批次 8e964def-9b8d-4a7d-8030-f6bffa7e2b16 处理中...（状态：pending，耗时 273s）
2026-06-21 11:30:31 [DEBUG] 批次 8e964def-9b8d-4a7d-8030-f6bffa7e2b16 处理中...（状态：pending，耗时 288s）
2026-06-21 11:30:46 [ERROR] 批次 8e964def-9b8d-4a7d-8030-f6bffa7e2b16 超时（超过 300 秒）
2026-06-21 11:30:46 [WARNING] 精准模式转换失败，自动回退到 Agent 轻量模式：生产事件复盘报告-（IN20230220000026）优理宝移动终端浙江区域少量客户登录异常(1).docx
2026-06-21 11:30:46 [INFO] Agent 模式提交文件：生产事件复盘报告-（IN20230220000026）优理宝移动终端浙江区域少量客户登录异常(1).docx
2026-06-21 11:30:47 [INFO] Agent 任务已提交：2bac81cf-7e69-49a3-ba3b-8bfdd9e4a0b612
2026-06-21 11:30:47 [INFO] 上传文件：生产事件复盘报告-（IN20230220000026）优理宝移动终端浙江区域少量客户登录异常(1).docx
2026-06-21 11:30:47 [INFO] 文件上传成功：生产事件复盘报告-（IN20230220000026）优理宝移动终端浙江区域少量客户登录异常(1).docx
2026-06-21 11:30:47 [INFO] Agent 任务 2bac81cf-7e69-49a3-ba3b-8bfdd9e4a0b612 已提交，开始轮询状态...
2026-06-21 11:30:47 [DEBUG] Agent 任务 2bac81cf-7e69-49a3-ba3b-8bfdd9e4a0b612 处理中...（状态：waiting-file，耗时 0s）
2026-06-21 11:31:02 [INFO] Agent 任务 2bac81cf-7e69-49a3-ba3b-8bfdd9e4a0b612 已完成
2026-06-21 11:31:02 [INFO] 下载 Markdown：https://cdn-mineru.openxlab.org.cn/pdf/2026-06-21/11f20241-c602-4f1b-85d7-e6c37937bf08/full.md
2026-06-21 11:31:03 [INFO] 清洗转换结果：c:\ai\data_cleaning\input\生产事件复盘报告-（IN20230220000026）优理宝移动终端浙江区域少量客户登录异常(1).docx
2026-06-21 11:31:03 [INFO]   [EncodingProcessor] 处理完成（0.00s）
2026-06-21 11:31:03 [INFO]   [DenoiseProcessor] 处理完成（0.00s）
2026-06-21 11:31:03 [INFO]   [TableProcessor] 处理完成（0.00s）
2026-06-21 11:31:03 [INFO]   [ErrorProcessor] 处理完成（0.00s）
2026-06-21 11:31:03 [INFO]   [DedupProcessor] 处理完成（0.00s）
2026-06-21 11:31:03 [INFO]   [FormatStandardizationProcessor] 处理完成（0.00s）
2026-06-21 11:31:03 [INFO] 章节识别完成：共 11 个章节（Markdown 标题 11，数字编号 0）
2026-06-21 11:31:23 [INFO]   [SegmentIntroProcessor] 处理完成（20.25s）
2026-06-21 11:31:23 [INFO] 完成：生产事件复盘报告-（IN20230220000026）优理宝移动终端浙江区域少量客户登录异常(1).docx -> 生产事件复盘报告-（IN20230220000026）优理宝移动终端浙江区域少量客户登录异常(1).md
2026-06-21 11:31:23 [INFO] MinerU 处理第 3-3 个文件（模式：precision）
2026-06-21 11:31:23 [INFO] 上传文件进行 precision 模式转换：c:\ai\data_cleaning\input\生产事件复盘报告-（IN20240729000016）同余数据报送异常.docx
2026-06-21 11:31:23 [INFO] 申请上传 URL：生产事件复盘报告-（IN20240729000016）同余数据报送异常.docx
2026-06-21 11:31:23 [INFO] 上传文件：生产事件复盘报告-（IN20240729000016）同余数据报送异常.docx
2026-06-21 11:31:23 [INFO] 文件上传成功：生产事件复盘报告-（IN20240729000016）同余数据报送异常.docx
2026-06-21 11:31:23 [INFO] 批次 f32cff6a-461f-40e2-b234-cb03a65a48f8 已提交，开始轮询状态...
2026-06-21 11:31:24 [DEBUG] 批次 f32cff6a-461f-40e2-b234-cb03a65a48f8 处理中...（状态：pending，耗时 0s）
2026-06-21 11:31:39 [DEBUG] 批次 f32cff6a-461f-40e2-b234-cb03a65a48f8 处理中...（状态：pending，耗时 15s）
2026-06-21 11:31:54 [DEBUG] 批次 f32cff6a-461f-40e2-b234-cb03a65a48f8 处理中...（状态：pending，耗时 30s）
2026-06-21 11:32:09 [DEBUG] 批次 f32cff6a-461f-40e2-b234-cb03a65a48f8 处理中...（状态：pending，耗时 45s）
2026-06-21 11:32:24 [DEBUG] 批次 f32cff6a-461f-40e2-b234-cb03a65a48f8 处理中...（状态：pending，耗时 60s）
2026-06-21 11:32:40 [DEBUG] 批次 f32cff6a-461f-40e2-b234-cb03a65a48f8 处理中...（状态：pending，耗时 76s）
2026-06-21 11:32:55 [DEBUG] 批次 f32cff6a-461f-40e2-b234-cb03a65a48f8 处理中...（状态：pending，耗时 91s）
2026-06-21 11:33:10 [DEBUG] 批次 f32cff6a-461f-40e2-b234-cb03a65a48f8 处理中...（状态：pending，耗时 106s）
2026-06-21 11:33:25 [DEBUG] 批次 f32cff6a-461f-40e2-b234-cb03a65a48f8 处理中...（状态：pending，耗时 121s）
2026-06-21 11:33:40 [DEBUG] 批次 f32cff6a-461f-40e2-b234-cb03a65a48f8 处理中...（状态：pending，耗时 136s）
2026-06-21 11:33:55 [DEBUG] 批次 f32cff6a-461f-40e2-b234-cb03a65a48f8 处理中...（状态：pending，耗时 152s）
2026-06-21 11:34:11 [DEBUG] 批次 f32cff6a-461f-40e2-b234-cb03a65a48f8 处理中...（状态：pending，耗时 167s）
2026-06-21 11:34:26 [DEBUG] 批次 f32cff6a-461f-40e2-b234-cb03a65a48f8 处理中...（状态：pending，耗时 182s）
2026-06-21 11:34:41 [DEBUG] 批次 f32cff6a-461f-40e2-b234-cb03a65a48f8 处理中...（状态：pending，耗时 197s）
2026-06-21 11:34:56 [DEBUG] 批次 f32cff6a-461f-40e2-b234-cb03a65a48f8 处理中...（状态：pending，耗时 212s）
2026-06-21 11:35:12 [DEBUG] 批次 f32cff6a-461f-40e2-b234-cb03a65a48f8 处理中...（状态：pending，耗时 228s）
2026-06-21 11:35:27 [DEBUG] 批次 f32cff6a-461f-40e2-b234-cb03a65a48f8 处理中...（状态：pending，耗时 243s）
2026-06-21 11:35:42 [DEBUG] 批次 f32cff6a-461f-40e2-b234-cb03a65a48f8 处理中...（状态：pending，耗时 258s）
2026-06-21 11:35:57 [DEBUG] 批次 f32cff6a-461f-40e2-b234-cb03a65a48f8 处理中...（状态：pending，耗时 273s）
2026-06-21 11:36:12 [DEBUG] 批次 f32cff6a-461f-40e2-b234-cb03a65a48f8 处理中...（状态：pending，耗时 288s）
2026-06-21 11:36:27 [ERROR] 批次 f32cff6a-461f-40e2-b234-cb03a65a48f8 超时（超过 300 秒）
2026-06-21 11:36:27 [WARNING] 精准模式转换失败，自动回退到 Agent 轻量模式：生产事件复盘报告-（IN20240729000016）同余数据报送异常.docx
2026-06-21 11:36:27 [INFO] Agent 模式提交文件：生产事件复盘报告-（IN20240729000016）同余数据报送异常.docx
2026-06-21 11:36:28 [INFO] Agent 任务已提交：be3832d3-8824-4f20-8f1f-a37013f4c9e112
2026-06-21 11:36:28 [INFO] 上传文件：生产事件复盘报告-（IN20240729000016）同余数据报送异常.docx
2026-06-21 11:36:28 [INFO] 文件上传成功：生产事件复盘报告-（IN20240729000016）同余数据报送异常.docx
2026-06-21 11:36:28 [INFO] Agent 任务 be3832d3-8824-4f20-8f1f-a37013f4c9e112 已提交，开始轮询状态...
2026-06-21 11:36:28 [DEBUG] Agent 任务 be3832d3-8824-4f20-8f1f-a37013f4c9e112 处理中...（状态：waiting-file，耗时 0s）
2026-06-21 11:36:43 [INFO] Agent 任务 be3832d3-8824-4f20-8f1f-a37013f4c9e112 已完成
2026-06-21 11:36:43 [INFO] 下载 Markdown：https://cdn-mineru.openxlab.org.cn/pdf/2026-06-21/61b02cea-f6d8-4ac0-8967-424a366724f5/full.md
2026-06-21 11:36:44 [INFO] 清洗转换结果：c:\ai\data_cleaning\input\生产事件复盘报告-（IN20240729000016）同余数据报送异常.docx
2026-06-21 11:36:44 [INFO]   [EncodingProcessor] 处理完成（0.01s）
2026-06-21 11:36:44 [INFO]   [DenoiseProcessor] 处理完成（0.00s）
2026-06-21 11:36:44 [INFO]   [TableProcessor] 处理完成（0.00s）
2026-06-21 11:36:44 [INFO]   [ErrorProcessor] 处理完成（0.00s）
2026-06-21 11:36:44 [INFO]   [DedupProcessor] 处理完成（0.00s）
2026-06-21 11:36:44 [INFO]   [FormatStandardizationProcessor] 处理完成（0.00s）
2026-06-21 11:36:44 [INFO] 章节识别完成：共 14 个章节（Markdown 标题 14，数字编号 0）
2026-06-21 11:37:03 [INFO]   [SegmentIntroProcessor] 处理完成（19.43s）
2026-06-21 11:37:03 [INFO] 完成：生产事件复盘报告-（IN20240729000016）同余数据报送异常.docx -> 生产事件复盘报告-（IN20240729000016）同余数据报送异常.md
2026-06-21 11:37:04 [INFO] MinerU 转换完成：3/3 个成功
2026-06-21 11:37:04 [INFO] ============================================================
2026-06-21 11:37:04 [INFO] 所有文件处理完成！输出目录：c:\ai\data_cleaning\output
2026-06-21 11:37:04 [INFO] ============================================================
