2026-05-09 11:15:10 [INFO] 日志文件：C:\AI\data_cleaning\log\clean_20260509_111510.log
2026-05-09 11:15:10 [INFO] ============================================================
2026-05-09 11:15:10 [INFO] 文档清洗工具启动
2026-05-09 11:15:10 [INFO] 输入目录：input
2026-05-09 11:15:10 [INFO] 输出目录：output
2026-05-09 11:15:10 [INFO] MinerU 模式：precision
2026-05-09 11:15:10 [INFO] 批次大小：2
2026-05-09 11:15:10 [INFO] 配置文件：config.yaml
2026-05-09 11:15:10 [INFO] ============================================================
2026-05-09 11:15:10 [INFO] 未发现 Markdown 文件
2026-05-09 11:15:10 [INFO] 发现 1 个非 Markdown 文件，开始转换（使用 MinerU precision 模式）...
2026-05-09 11:15:10 [INFO] MinerU 处理第 1-1 个文件（模式：precision）
2026-05-09 11:15:10 [INFO] 上传文件进行 precision 模式转换：input\20230426 - tadb1主机内存使用率分析报告.docx
2026-05-09 11:15:10 [INFO] 申请上传 URL：20230426 - tadb1主机内存使用率分析报告.docx
2026-05-09 11:15:10 [INFO] 上传文件：20230426 - tadb1主机内存使用率分析报告.docx
2026-05-09 11:15:11 [INFO] 文件上传成功：20230426 - tadb1主机内存使用率分析报告.docx
2026-05-09 11:15:11 [INFO] 批次 3f408cde-5d04-4fad-937b-61e4c83672b8 已提交，开始轮询状态...
2026-05-09 11:15:12 [DEBUG] 批次 3f408cde-5d04-4fad-937b-61e4c83672b8 处理中...（?/? 页，耗时 0s）
2026-05-09 11:15:27 [DEBUG] 批次 3f408cde-5d04-4fad-937b-61e4c83672b8 处理中...（?/? 页，耗时 15s）
2026-05-09 11:15:42 [DEBUG] 批次 3f408cde-5d04-4fad-937b-61e4c83672b8 处理中...（?/? 页，耗时 31s）
2026-05-09 11:15:58 [DEBUG] 批次 3f408cde-5d04-4fad-937b-61e4c83672b8 处理中...（?/? 页，耗时 46s）
2026-05-09 11:16:13 [DEBUG] 批次 3f408cde-5d04-4fad-937b-61e4c83672b8 处理中...（?/? 页，耗时 62s）
2026-05-09 11:16:29 [DEBUG] 批次 3f408cde-5d04-4fad-937b-61e4c83672b8 处理中...（?/? 页，耗时 77s）
2026-05-09 11:16:44 [DEBUG] 批次 3f408cde-5d04-4fad-937b-61e4c83672b8 处理中...（?/? 页，耗时 93s）
2026-05-09 11:17:00 [DEBUG] 批次 3f408cde-5d04-4fad-937b-61e4c83672b8 处理中...（?/? 页，耗时 108s）
2026-05-09 11:17:15 [DEBUG] 批次 3f408cde-5d04-4fad-937b-61e4c83672b8 处理中...（?/? 页，耗时 124s）
2026-05-09 11:17:31 [DEBUG] 批次 3f408cde-5d04-4fad-937b-61e4c83672b8 处理中...（?/? 页，耗时 139s）
2026-05-09 11:17:46 [DEBUG] 批次 3f408cde-5d04-4fad-937b-61e4c83672b8 处理中...（?/? 页，耗时 155s）
2026-05-09 11:18:02 [DEBUG] 批次 3f408cde-5d04-4fad-937b-61e4c83672b8 处理中...（?/? 页，耗时 170s）
2026-05-09 11:18:17 [DEBUG] 批次 3f408cde-5d04-4fad-937b-61e4c83672b8 处理中...（?/? 页，耗时 186s）
2026-05-09 11:18:33 [DEBUG] 批次 3f408cde-5d04-4fad-937b-61e4c83672b8 处理中...（?/? 页，耗时 201s）
2026-05-09 11:18:48 [DEBUG] 批次 3f408cde-5d04-4fad-937b-61e4c83672b8 处理中...（?/? 页，耗时 217s）
2026-05-09 11:19:04 [DEBUG] 批次 3f408cde-5d04-4fad-937b-61e4c83672b8 处理中...（?/? 页，耗时 232s）
2026-05-09 11:19:19 [DEBUG] 批次 3f408cde-5d04-4fad-937b-61e4c83672b8 处理中...（?/? 页，耗时 248s）
2026-05-09 11:19:35 [DEBUG] 批次 3f408cde-5d04-4fad-937b-61e4c83672b8 处理中...（?/? 页，耗时 263s）
2026-05-09 11:19:50 [DEBUG] 批次 3f408cde-5d04-4fad-937b-61e4c83672b8 处理中...（?/? 页，耗时 279s）
2026-05-09 11:20:06 [DEBUG] 批次 3f408cde-5d04-4fad-937b-61e4c83672b8 处理中...（?/? 页，耗时 294s）
2026-05-09 11:20:21 [ERROR] 批次 3f408cde-5d04-4fad-937b-61e4c83672b8 超时（超过 300 秒）
2026-05-09 11:20:21 [WARNING] 文件 input\20230426 - tadb1主机内存使用率分析报告.docx 转换失败，跳过
2026-05-09 11:20:21 [INFO] MinerU 转换完成：0/1 个成功
2026-05-09 11:20:21 [INFO] ============================================================
2026-05-09 11:20:21 [INFO] 所有文件处理完成！输出目录：output
2026-05-09 11:20:21 [INFO] ============================================================
