2026-05-10 18:46:15 [INFO] 日志文件：C:\AI\data_cleaning\log\clean_20260510_184615.log
2026-05-10 18:46:15 [INFO] ============================================================
2026-05-10 18:46:15 [INFO] 文档清洗工具启动
2026-05-10 18:46:15 [INFO] 输入目录：input
2026-05-10 18:46:15 [INFO] 输出目录：output_fallback2
2026-05-10 18:46:15 [INFO] MinerU 模式：precision
2026-05-10 18:46:15 [INFO] 批次大小：2
2026-05-10 18:46:15 [INFO] ============================================================
2026-05-10 18:46:15 [INFO] 未发现 Markdown 文件
2026-05-10 18:46:15 [INFO] 发现 1 个 Excel 文件，开始转换...
2026-05-10 18:46:15 [INFO] 处理第 1-1 个 Excel 文件
2026-05-10 18:46:15 [DEBUG] 转换 Excel：input\问题排查登记表 (2).xlsx
2026-05-10 18:46:16 [INFO] 完成：问题排查登记表 (2).xlsx -> 问题排查登记表 (2).md
2026-05-10 18:46:16 [INFO] Excel 文件处理完成：1/1 个成功
2026-05-10 18:46:16 [INFO] 发现 3 个非 Markdown 文件，开始转换（回退策略：precision 模式 → Agent 轻量模式 → 本地转换）...
2026-05-10 18:46:16 [INFO] MinerU 处理第 1-2 个文件（模式：precision）
2026-05-10 18:46:16 [INFO] 上传文件进行 precision 模式转换：input\兴业证券redo卷时延增高问题分析报告.pdf
2026-05-10 18:46:16 [INFO] 申请上传 URL：兴业证券redo卷时延增高问题分析报告.pdf
2026-05-10 18:46:16 [ERROR] 获取上传 URL 失败：401 login required
2026-05-10 18:46:16 [WARNING] 精准模式转换失败，自动回退到 Agent 轻量模式：兴业证券redo卷时延增高问题分析报告.pdf
2026-05-10 18:46:16 [INFO] Agent 模式提交文件：兴业证券redo卷时延增高问题分析报告.pdf
2026-05-10 18:46:17 [ERROR] Agent 提交失败：413 
2026-05-10 18:46:17 [INFO] MinerU 所有模式均失败，回退到本地转换 (.pdf)：input\兴业证券redo卷时延增高问题分析报告.pdf
2026-05-10 18:46:20 [INFO] 本地转换成功 (.pdf)：input\兴业证券redo卷时延增高问题分析报告.pdf
2026-05-10 18:46:20 [DEBUG] 清洗转换结果：input\兴业证券redo卷时延增高问题分析报告.pdf
2026-05-10 18:46:20 [INFO] 完成：兴业证券redo卷时延增高问题分析报告.pdf -> 兴业证券redo卷时延增高问题分析报告.md
2026-05-10 18:46:20 [INFO] 上传文件进行 precision 模式转换：input\生产事件复盘报告-（IN20230220000026）优理宝移动终端浙江区域少量客户登录异常(1).docx
2026-05-10 18:46:20 [INFO] 申请上传 URL：生产事件复盘报告-（IN20230220000026）优理宝移动终端浙江区域少量客户登录异常(1).docx
2026-05-10 18:46:20 [ERROR] 获取上传 URL 失败：401 login required
2026-05-10 18:46:20 [WARNING] 精准模式转换失败，自动回退到 Agent 轻量模式：生产事件复盘报告-（IN20230220000026）优理宝移动终端浙江区域少量客户登录异常(1).docx
2026-05-10 18:46:20 [INFO] Agent 模式提交文件：生产事件复盘报告-（IN20230220000026）优理宝移动终端浙江区域少量客户登录异常(1).docx
2026-05-10 18:46:21 [ERROR] Agent 提交失败：field "file_name" is not set
2026-05-10 18:46:21 [INFO] MinerU 所有模式均失败，回退到本地转换 (.docx)：input\生产事件复盘报告-（IN20230220000026）优理宝移动终端浙江区域少量客户登录异常(1).docx
2026-05-10 18:46:21 [INFO] 本地转换成功 (.docx)：input\生产事件复盘报告-（IN20230220000026）优理宝移动终端浙江区域少量客户登录异常(1).docx
2026-05-10 18:46:21 [DEBUG] 清洗转换结果：input\生产事件复盘报告-（IN20230220000026）优理宝移动终端浙江区域少量客户登录异常(1).docx
2026-05-10 18:46:21 [INFO] 完成：生产事件复盘报告-（IN20230220000026）优理宝移动终端浙江区域少量客户登录异常(1).docx -> 生产事件复盘报告-（IN20230220000026）优理宝移动终端浙江区域少量客户登录异常(1).md
2026-05-10 18:46:21 [INFO] MinerU 处理第 3-3 个文件（模式：precision）
2026-05-10 18:46:21 [INFO] 上传文件进行 precision 模式转换：input\生产事件复盘报告-（IN20240729000016）同余数据报送异常.docx
2026-05-10 18:46:21 [INFO] 申请上传 URL：生产事件复盘报告-（IN20240729000016）同余数据报送异常.docx
2026-05-10 18:46:21 [ERROR] 获取上传 URL 失败：401 login required
2026-05-10 18:46:21 [WARNING] 精准模式转换失败，自动回退到 Agent 轻量模式：生产事件复盘报告-（IN20240729000016）同余数据报送异常.docx
2026-05-10 18:46:21 [INFO] Agent 模式提交文件：生产事件复盘报告-（IN20240729000016）同余数据报送异常.docx
2026-05-10 18:46:22 [ERROR] Agent 提交失败：field "file_name" is not set
2026-05-10 18:46:22 [INFO] MinerU 所有模式均失败，回退到本地转换 (.docx)：input\生产事件复盘报告-（IN20240729000016）同余数据报送异常.docx
2026-05-10 18:46:22 [INFO] 本地转换成功 (.docx)：input\生产事件复盘报告-（IN20240729000016）同余数据报送异常.docx
2026-05-10 18:46:22 [DEBUG] 清洗转换结果：input\生产事件复盘报告-（IN20240729000016）同余数据报送异常.docx
2026-05-10 18:46:22 [INFO] 完成：生产事件复盘报告-（IN20240729000016）同余数据报送异常.docx -> 生产事件复盘报告-（IN20240729000016）同余数据报送异常.md
2026-05-10 18:46:23 [INFO] MinerU 转换完成：3/3 个成功
2026-05-10 18:46:23 [INFO] ============================================================
2026-05-10 18:46:23 [INFO] 所有文件处理完成！输出目录：output_fallback2
2026-05-10 18:46:23 [INFO] ============================================================
