2026-05-10 21:12:29 [INFO] 日志文件：C:\AI\data_cleaning\log\clean_20260510_211229.log
2026-05-10 21:12:29 [INFO] ============================================================
2026-05-10 21:12:29 [INFO] 文档清洗工具启动
2026-05-10 21:12:29 [INFO] 输入目录：.\input
2026-05-10 21:12:29 [INFO] 输出目录：.\output
2026-05-10 21:12:29 [INFO] MinerU 模式：agent
2026-05-10 21:12:29 [INFO] 批次大小：2
2026-05-10 21:12:29 [INFO] 配置文件：.\config.yaml
2026-05-10 21:12:29 [INFO] ============================================================
2026-05-10 21:12:29 [INFO] 未发现 Markdown 文件
2026-05-10 21:12:29 [INFO] 发现 1 个 Excel 文件，开始转换...
2026-05-10 21:12:29 [INFO] 处理第 1-1 个 Excel 文件
2026-05-10 21:12:29 [DEBUG] 转换 Excel：.\input\问题排查登记表 (2).xlsx
2026-05-10 21:12:30 [INFO] 完成：问题排查登记表 (2).xlsx -> 问题排查登记表 (2).md
2026-05-10 21:12:30 [INFO] Excel 文件处理完成：1/1 个成功
2026-05-10 21:12:30 [INFO] 发现 3 个非 Markdown 文件，开始转换（回退策略：agent 模式 → 本地转换）...
2026-05-10 21:12:30 [INFO] agent（轻量）模式：一次只能解析一个文件，强制批次大小为 1
2026-05-10 21:12:30 [INFO] MinerU 处理第 1-1 个文件（模式：agent）
2026-05-10 21:12:30 [INFO] 上传文件进行 agent 模式转换：.\input\兴业证券redo卷时延增高问题分析报告.pdf
2026-05-10 21:12:30 [INFO] Agent 模式提交文件：兴业证券redo卷时延增高问题分析报告.pdf
2026-05-10 21:12:31 [INFO] Agent 任务已提交：d822b4df-d294-49bf-b917-691086d998ef07
2026-05-10 21:12:31 [INFO] 上传文件：兴业证券redo卷时延增高问题分析报告.pdf
2026-05-10 21:12:32 [INFO] 文件上传成功：兴业证券redo卷时延增高问题分析报告.pdf
2026-05-10 21:12:32 [INFO] Agent 任务 d822b4df-d294-49bf-b917-691086d998ef07 已提交，开始轮询状态...
2026-05-10 21:12:33 [DEBUG] Agent 任务 d822b4df-d294-49bf-b917-691086d998ef07 处理中...（状态：waiting-file，耗时 0s）
2026-05-10 21:12:48 [ERROR] Agent 任务失败：file page count exceeds API limit (20 pages), please input page_range to specify the page range
2026-05-10 21:12:48 [INFO] MinerU 所有模式均失败，回退到本地转换 (.pdf)：.\input\兴业证券redo卷时延增高问题分析报告.pdf
2026-05-10 21:12:50 [INFO] 本地转换成功 (.pdf)：.\input\兴业证券redo卷时延增高问题分析报告.pdf
2026-05-10 21:12:50 [DEBUG] 清洗转换结果：.\input\兴业证券redo卷时延增高问题分析报告.pdf
2026-05-10 21:12:50 [INFO] 完成：兴业证券redo卷时延增高问题分析报告.pdf -> 兴业证券redo卷时延增高问题分析报告.md
2026-05-10 21:12:50 [INFO] MinerU 处理第 2-2 个文件（模式：agent）
2026-05-10 21:12:50 [INFO] 上传文件进行 agent 模式转换：.\input\生产事件复盘报告-（IN20230220000026）优理宝移动终端浙江区域少量客户登录异常(1).docx
2026-05-10 21:12:50 [INFO] Agent 模式提交文件：生产事件复盘报告-（IN20230220000026）优理宝移动终端浙江区域少量客户登录异常(1).docx
2026-05-10 21:12:51 [INFO] Agent 任务已提交：8880efe6-37a4-4280-8676-6dd827efdd9807
2026-05-10 21:12:51 [INFO] 上传文件：生产事件复盘报告-（IN20230220000026）优理宝移动终端浙江区域少量客户登录异常(1).docx
2026-05-10 21:12:51 [INFO] 文件上传成功：生产事件复盘报告-（IN20230220000026）优理宝移动终端浙江区域少量客户登录异常(1).docx
2026-05-10 21:12:51 [INFO] Agent 任务 8880efe6-37a4-4280-8676-6dd827efdd9807 已提交，开始轮询状态...
2026-05-10 21:12:52 [DEBUG] Agent 任务 8880efe6-37a4-4280-8676-6dd827efdd9807 处理中...（状态：waiting-file，耗时 0s）
2026-05-10 21:13:07 [INFO] Agent 任务 8880efe6-37a4-4280-8676-6dd827efdd9807 已完成
2026-05-10 21:13:07 [INFO] 下载 Markdown：https://cdn-mineru.openxlab.org.cn/pdf/2026-05-10/ad1849ae-ea8c-4eb9-9890-2bb7168cbf72/full.md
2026-05-10 21:13:08 [DEBUG] 清洗转换结果：.\input\生产事件复盘报告-（IN20230220000026）优理宝移动终端浙江区域少量客户登录异常(1).docx
2026-05-10 21:13:42 [INFO] 完成：生产事件复盘报告-（IN20230220000026）优理宝移动终端浙江区域少量客户登录异常(1).docx -> 生产事件复盘报告-（IN20230220000026）优理宝移动终端浙江区域少量客户登录异常(1).md
2026-05-10 21:13:42 [INFO] MinerU 处理第 3-3 个文件（模式：agent）
2026-05-10 21:13:42 [INFO] 上传文件进行 agent 模式转换：.\input\生产事件复盘报告-（IN20240729000016）同余数据报送异常.docx
2026-05-10 21:13:42 [INFO] Agent 模式提交文件：生产事件复盘报告-（IN20240729000016）同余数据报送异常.docx
2026-05-10 21:13:43 [INFO] Agent 任务已提交：f53eb2dc-49ee-413c-b849-b4129117264e07
2026-05-10 21:13:43 [INFO] 上传文件：生产事件复盘报告-（IN20240729000016）同余数据报送异常.docx
2026-05-10 21:13:43 [INFO] 文件上传成功：生产事件复盘报告-（IN20240729000016）同余数据报送异常.docx
2026-05-10 21:13:43 [INFO] Agent 任务 f53eb2dc-49ee-413c-b849-b4129117264e07 已提交，开始轮询状态...
2026-05-10 21:13:44 [DEBUG] Agent 任务 f53eb2dc-49ee-413c-b849-b4129117264e07 处理中...（状态：pending，耗时 0s）
2026-05-10 21:13:59 [INFO] Agent 任务 f53eb2dc-49ee-413c-b849-b4129117264e07 已完成
2026-05-10 21:13:59 [INFO] 下载 Markdown：https://cdn-mineru.openxlab.org.cn/pdf/2026-05-10/f30135b6-026b-457b-bebf-330a46564827/full.md
2026-05-10 21:13:59 [DEBUG] 清洗转换结果：.\input\生产事件复盘报告-（IN20240729000016）同余数据报送异常.docx
2026-05-10 21:14:32 [INFO] 完成：生产事件复盘报告-（IN20240729000016）同余数据报送异常.docx -> 生产事件复盘报告-（IN20240729000016）同余数据报送异常.md
2026-05-10 21:14:32 [INFO] MinerU 转换完成：3/3 个成功
2026-05-10 21:14:32 [INFO] ============================================================
2026-05-10 21:14:32 [INFO] 所有文件处理完成！输出目录：.\output
2026-05-10 21:14:32 [INFO] ============================================================
