2026-05-10 17:19:58 [INFO] 日志文件：C:\AI\data_cleaning\log\clean_20260510_171958.log
2026-05-10 17:19:58 [INFO] ============================================================
2026-05-10 17:19:58 [INFO] 文档清洗工具启动
2026-05-10 17:19:58 [INFO] 输入目录：input
2026-05-10 17:19:58 [INFO] 输出目录：output_new
2026-05-10 17:19:58 [INFO] MinerU 模式：precision
2026-05-10 17:19:58 [INFO] 批次大小：2
2026-05-10 17:19:58 [INFO] ============================================================
2026-05-10 17:19:58 [INFO] 未发现 Markdown 文件
2026-05-10 17:19:58 [INFO] 发现 1 个 Excel 文件，开始转换...
2026-05-10 17:19:58 [INFO] 处理第 1-1 个 Excel 文件
2026-05-10 17:19:58 [DEBUG] 转换 Excel：input\问题排查登记表 (2).xlsx
2026-05-10 17:19:59 [INFO] 完成：问题排查登记表 (2).xlsx -> 问题排查登记表 (2).md
2026-05-10 17:19:59 [INFO] Excel 文件处理完成：1/1 个成功
2026-05-10 17:19:59 [INFO] 发现 3 个非 Markdown 文件，开始转换（使用 MinerU precision 模式）...
2026-05-10 17:19:59 [INFO] MinerU 处理第 1-2 个文件（模式：precision）
2026-05-10 17:19:59 [INFO] 上传文件进行 precision 模式转换：input\兴业证券redo卷时延增高问题分析报告.pdf
2026-05-10 17:19:59 [INFO] 申请上传 URL：兴业证券redo卷时延增高问题分析报告.pdf
2026-05-10 17:20:00 [ERROR] 获取上传 URL 失败：401 login required
2026-05-10 17:20:00 [INFO] MinerU 转换失败，尝试本地转换 (.pdf)：input\兴业证券redo卷时延增高问题分析报告.pdf
2026-05-10 17:20:03 [INFO] 本地转换成功 (.pdf)：input\兴业证券redo卷时延增高问题分析报告.pdf
2026-05-10 17:20:03 [DEBUG] 清洗转换结果：input\兴业证券redo卷时延增高问题分析报告.pdf
2026-05-10 17:20:03 [INFO] 完成：兴业证券redo卷时延增高问题分析报告.pdf -> 兴业证券redo卷时延增高问题分析报告.md
2026-05-10 17:20:03 [INFO] 上传文件进行 precision 模式转换：input\生产事件复盘报告-（IN20230220000026）优理宝移动终端浙江区域少量客户登录异常(1).docx
2026-05-10 17:20:03 [INFO] 申请上传 URL：生产事件复盘报告-（IN20230220000026）优理宝移动终端浙江区域少量客户登录异常(1).docx
2026-05-10 17:20:03 [ERROR] 获取上传 URL 失败：401 login required
2026-05-10 17:20:03 [INFO] MinerU 转换失败，尝试本地转换 (.docx)：input\生产事件复盘报告-（IN20230220000026）优理宝移动终端浙江区域少量客户登录异常(1).docx
2026-05-10 17:20:03 [INFO] 本地转换成功 (.docx)：input\生产事件复盘报告-（IN20230220000026）优理宝移动终端浙江区域少量客户登录异常(1).docx
2026-05-10 17:20:03 [DEBUG] 清洗转换结果：input\生产事件复盘报告-（IN20230220000026）优理宝移动终端浙江区域少量客户登录异常(1).docx
2026-05-10 17:20:03 [INFO] 完成：生产事件复盘报告-（IN20230220000026）优理宝移动终端浙江区域少量客户登录异常(1).docx -> 生产事件复盘报告-（IN20230220000026）优理宝移动终端浙江区域少量客户登录异常(1).md
2026-05-10 17:20:03 [INFO] MinerU 处理第 3-3 个文件（模式：precision）
2026-05-10 17:20:03 [INFO] 上传文件进行 precision 模式转换：input\生产事件复盘报告-（IN20240729000016）同余数据报送异常.docx
2026-05-10 17:20:03 [INFO] 申请上传 URL：生产事件复盘报告-（IN20240729000016）同余数据报送异常.docx
2026-05-10 17:20:04 [ERROR] 获取上传 URL 失败：401 login required
2026-05-10 17:20:04 [INFO] MinerU 转换失败，尝试本地转换 (.docx)：input\生产事件复盘报告-（IN20240729000016）同余数据报送异常.docx
2026-05-10 17:20:04 [INFO] 本地转换成功 (.docx)：input\生产事件复盘报告-（IN20240729000016）同余数据报送异常.docx
2026-05-10 17:20:04 [DEBUG] 清洗转换结果：input\生产事件复盘报告-（IN20240729000016）同余数据报送异常.docx
2026-05-10 17:20:04 [INFO] 完成：生产事件复盘报告-（IN20240729000016）同余数据报送异常.docx -> 生产事件复盘报告-（IN20240729000016）同余数据报送异常.md
2026-05-10 17:20:05 [INFO] MinerU 转换完成：3/3 个成功
2026-05-10 17:20:05 [INFO] ============================================================
2026-05-10 17:20:05 [INFO] 所有文件处理完成！输出目录：output_new
2026-05-10 17:20:05 [INFO] ============================================================
