2026-05-09 10:27:58 [INFO] 日志文件：C:\AI\data_cleaning\log\clean_20260509_102758.log
2026-05-09 10:27:58 [INFO] ============================================================
2026-05-09 10:27:58 [INFO] 文档清洗工具启动
2026-05-09 10:27:58 [INFO] 输入目录：input
2026-05-09 10:27:58 [INFO] 输出目录：output
2026-05-09 10:27:58 [INFO] MinerU 模式：precision
2026-05-09 10:27:58 [INFO] 批次大小：2
2026-05-09 10:27:58 [INFO] 配置文件：config.yaml
2026-05-09 10:27:58 [INFO] ============================================================
2026-05-09 10:27:58 [INFO] 发现 1 个 Markdown 文件，开始处理...
2026-05-09 10:27:58 [INFO] 处理第 1-1 个文件（批次大小：2）
2026-05-09 10:27:58 [DEBUG] 读取文件：input\兴业证券redo卷时延增高问题分析报告-md.md
2026-05-09 10:27:58 [DEBUG] 开始清洗：input\兴业证券redo卷时延增高问题分析报告-md.md
2026-05-09 10:28:26 [INFO] 完成：兴业证券redo卷时延增高问题分析报告-md.md
2026-05-09 10:28:26 [INFO] Markdown 文件处理完成：1/1 个成功
2026-05-09 10:28:26 [INFO] 发现 1 个 Excel 文件，开始转换...
2026-05-09 10:28:26 [INFO] 处理第 1-1 个 Excel 文件
2026-05-09 10:28:26 [DEBUG] 转换 Excel：input\问题排查登记表 (2).xlsx
2026-05-09 10:28:26 [INFO] 完成：问题排查登记表 (2).xlsx -> 问题排查登记表 (2).md
2026-05-09 10:28:26 [INFO] Excel 文件处理完成：1/1 个成功
2026-05-09 10:28:26 [INFO] 发现 7 个非 Markdown 文件，开始转换（使用 MinerU precision 模式）...
2026-05-09 10:28:26 [INFO] MinerU 处理第 1-2 个文件（模式：precision）
2026-05-09 10:28:26 [INFO] 上传文件进行 precision 模式转换：input\20230426 - tadb1主机内存使用率分析报告.docx
2026-05-09 10:28:26 [INFO] 申请上传 URL：20230426 - tadb1主机内存使用率分析报告.docx
2026-05-09 10:28:27 [INFO] 上传文件：20230426 - tadb1主机内存使用率分析报告.docx
2026-05-09 10:28:27 [INFO] 文件上传成功：20230426 - tadb1主机内存使用率分析报告.docx
2026-05-09 10:28:27 [INFO] 批次 61a030be-c7de-47bf-bdd5-49cb5f90d380 已提交，开始轮询状态...
2026-05-09 10:28:27 [DEBUG] 批次 61a030be-c7de-47bf-bdd5-49cb5f90d380 处理中...（?/? 页，耗时 0s）
2026-05-09 10:28:43 [DEBUG] 批次 61a030be-c7de-47bf-bdd5-49cb5f90d380 处理中...（?/? 页，耗时 15s）
2026-05-09 10:28:58 [DEBUG] 批次 61a030be-c7de-47bf-bdd5-49cb5f90d380 处理中...（?/? 页，耗时 31s）
2026-05-09 10:29:14 [DEBUG] 批次 61a030be-c7de-47bf-bdd5-49cb5f90d380 处理中...（?/? 页，耗时 46s）
2026-05-09 10:29:29 [DEBUG] 批次 61a030be-c7de-47bf-bdd5-49cb5f90d380 处理中...（?/? 页，耗时 62s）
2026-05-09 10:29:45 [DEBUG] 批次 61a030be-c7de-47bf-bdd5-49cb5f90d380 处理中...（?/? 页，耗时 77s）
2026-05-09 10:30:00 [DEBUG] 批次 61a030be-c7de-47bf-bdd5-49cb5f90d380 处理中...（?/? 页，耗时 93s）
2026-05-09 10:30:16 [DEBUG] 批次 61a030be-c7de-47bf-bdd5-49cb5f90d380 处理中...（?/? 页，耗时 108s）
2026-05-09 10:30:31 [DEBUG] 批次 61a030be-c7de-47bf-bdd5-49cb5f90d380 处理中...（?/? 页，耗时 124s）
2026-05-09 10:30:47 [DEBUG] 批次 61a030be-c7de-47bf-bdd5-49cb5f90d380 处理中...（?/? 页，耗时 139s）
2026-05-09 10:31:02 [DEBUG] 批次 61a030be-c7de-47bf-bdd5-49cb5f90d380 处理中...（?/? 页，耗时 155s）
2026-05-09 10:31:18 [DEBUG] 批次 61a030be-c7de-47bf-bdd5-49cb5f90d380 处理中...（?/? 页，耗时 170s）
2026-05-09 10:31:33 [DEBUG] 批次 61a030be-c7de-47bf-bdd5-49cb5f90d380 处理中...（?/? 页，耗时 186s）
2026-05-09 10:31:49 [DEBUG] 批次 61a030be-c7de-47bf-bdd5-49cb5f90d380 处理中...（?/? 页，耗时 201s）
2026-05-09 10:32:04 [DEBUG] 批次 61a030be-c7de-47bf-bdd5-49cb5f90d380 处理中...（?/? 页，耗时 217s）
2026-05-09 10:32:20 [DEBUG] 批次 61a030be-c7de-47bf-bdd5-49cb5f90d380 处理中...（?/? 页，耗时 232s）
2026-05-09 10:32:35 [DEBUG] 批次 61a030be-c7de-47bf-bdd5-49cb5f90d380 处理中...（?/? 页，耗时 247s）
2026-05-09 10:32:50 [DEBUG] 批次 61a030be-c7de-47bf-bdd5-49cb5f90d380 处理中...（?/? 页，耗时 263s）
2026-05-09 10:33:06 [DEBUG] 批次 61a030be-c7de-47bf-bdd5-49cb5f90d380 处理中...（?/? 页，耗时 278s）
2026-05-09 10:33:21 [DEBUG] 批次 61a030be-c7de-47bf-bdd5-49cb5f90d380 处理中...（?/? 页，耗时 294s）
2026-05-09 10:33:36 [ERROR] 批次 61a030be-c7de-47bf-bdd5-49cb5f90d380 超时（超过 300 秒）
2026-05-09 10:33:36 [WARNING] 文件 input\20230426 - tadb1主机内存使用率分析报告.docx 转换失败，跳过
2026-05-09 10:33:36 [INFO] 上传文件进行 precision 模式转换：input\兴业证券redo卷时延增高问题分析报告.pdf
2026-05-09 10:33:36 [ERROR] 文件不存在：input\兴业证券redo卷时延增高问题分析报告.pdf
2026-05-09 10:33:36 [WARNING] 文件 input\兴业证券redo卷时延增高问题分析报告.pdf 转换失败，跳过
2026-05-09 10:33:36 [INFO] MinerU 处理第 3-4 个文件（模式：precision）
2026-05-09 10:33:36 [INFO] 上传文件进行 precision 模式转换：input\兴业证券股份有限公司OceanStor 5610 V5存储windows客户端访问共享操作报错问题分析报告.docx
2026-05-09 10:33:36 [ERROR] 文件不存在：input\兴业证券股份有限公司OceanStor 5610 V5存储windows客户端访问共享操作报错问题分析报告.docx
2026-05-09 10:33:36 [WARNING] 文件 input\兴业证券股份有限公司OceanStor 5610 V5存储windows客户端访问共享操作报错问题分析报告.docx 转换失败，跳过
2026-05-09 10:33:36 [INFO] 上传文件进行 precision 模式转换：input\协同办公系统卡顿现象分析报告-2023年2月10日.docx
2026-05-09 10:33:36 [ERROR] 文件不存在：input\协同办公系统卡顿现象分析报告-2023年2月10日.docx
2026-05-09 10:33:36 [WARNING] 文件 input\协同办公系统卡顿现象分析报告-2023年2月10日.docx 转换失败，跳过
2026-05-09 10:33:36 [INFO] MinerU 处理第 5-6 个文件（模式：precision）
2026-05-09 10:33:36 [INFO] 上传文件进行 precision 模式转换：input\排查情况.docx
2026-05-09 10:33:36 [INFO] 申请上传 URL：排查情况.docx
2026-05-09 10:33:37 [INFO] 上传文件：排查情况.docx
2026-05-09 10:33:38 [INFO] 文件上传成功：排查情况.docx
2026-05-09 10:33:38 [INFO] 批次 b3b986a3-4483-458f-838c-293fabbf2aa4 已提交，开始轮询状态...
2026-05-09 10:33:38 [DEBUG] 批次 b3b986a3-4483-458f-838c-293fabbf2aa4 处理中...（?/? 页，耗时 0s）
2026-05-09 10:33:54 [DEBUG] 批次 b3b986a3-4483-458f-838c-293fabbf2aa4 处理中...（?/? 页，耗时 15s）
2026-05-09 10:34:09 [DEBUG] 批次 b3b986a3-4483-458f-838c-293fabbf2aa4 处理中...（?/? 页，耗时 31s）
2026-05-09 10:34:25 [DEBUG] 批次 b3b986a3-4483-458f-838c-293fabbf2aa4 处理中...（?/? 页，耗时 46s）
2026-05-09 10:34:40 [DEBUG] 批次 b3b986a3-4483-458f-838c-293fabbf2aa4 处理中...（?/? 页，耗时 62s）
2026-05-09 10:34:56 [DEBUG] 批次 b3b986a3-4483-458f-838c-293fabbf2aa4 处理中...（?/? 页，耗时 77s）
2026-05-09 10:35:11 [DEBUG] 批次 b3b986a3-4483-458f-838c-293fabbf2aa4 处理中...（?/? 页，耗时 93s）
2026-05-09 10:35:27 [DEBUG] 批次 b3b986a3-4483-458f-838c-293fabbf2aa4 处理中...（?/? 页，耗时 108s）
2026-05-09 10:35:42 [DEBUG] 批次 b3b986a3-4483-458f-838c-293fabbf2aa4 处理中...（?/? 页，耗时 124s）
2026-05-09 10:35:57 [DEBUG] 批次 b3b986a3-4483-458f-838c-293fabbf2aa4 处理中...（?/? 页，耗时 139s）
2026-05-09 10:36:13 [DEBUG] 批次 b3b986a3-4483-458f-838c-293fabbf2aa4 处理中...（?/? 页，耗时 155s）
2026-05-09 10:36:28 [DEBUG] 批次 b3b986a3-4483-458f-838c-293fabbf2aa4 处理中...（?/? 页，耗时 170s）
2026-05-09 10:36:44 [DEBUG] 批次 b3b986a3-4483-458f-838c-293fabbf2aa4 处理中...（?/? 页，耗时 185s）
2026-05-09 10:36:59 [DEBUG] 批次 b3b986a3-4483-458f-838c-293fabbf2aa4 处理中...（?/? 页，耗时 201s）
2026-05-09 10:37:15 [DEBUG] 批次 b3b986a3-4483-458f-838c-293fabbf2aa4 处理中...（?/? 页，耗时 216s）
2026-05-09 10:37:30 [DEBUG] 批次 b3b986a3-4483-458f-838c-293fabbf2aa4 处理中...（?/? 页，耗时 232s）
2026-05-09 10:37:46 [DEBUG] 批次 b3b986a3-4483-458f-838c-293fabbf2aa4 处理中...（?/? 页，耗时 248s）
2026-05-09 10:38:01 [DEBUG] 批次 b3b986a3-4483-458f-838c-293fabbf2aa4 处理中...（?/? 页，耗时 263s）
2026-05-09 10:38:17 [DEBUG] 批次 b3b986a3-4483-458f-838c-293fabbf2aa4 处理中...（?/? 页，耗时 279s）
2026-05-09 10:38:32 [DEBUG] 批次 b3b986a3-4483-458f-838c-293fabbf2aa4 处理中...（?/? 页，耗时 294s）
2026-05-09 10:38:47 [ERROR] 批次 b3b986a3-4483-458f-838c-293fabbf2aa4 超时（超过 300 秒）
2026-05-09 10:38:47 [WARNING] 文件 input\排查情况.docx 转换失败，跳过
2026-05-09 10:38:47 [INFO] 上传文件进行 precision 模式转换：input\生产事件复盘报告-（IN20230220000026）优理宝移动终端浙江区域少量客户登录异常(1).docx
2026-05-09 10:38:47 [ERROR] 文件不存在：input\生产事件复盘报告-（IN20230220000026）优理宝移动终端浙江区域少量客户登录异常(1).docx
2026-05-09 10:38:47 [WARNING] 文件 input\生产事件复盘报告-（IN20230220000026）优理宝移动终端浙江区域少量客户登录异常(1).docx 转换失败，跳过
2026-05-09 10:38:47 [INFO] MinerU 处理第 7-7 个文件（模式：precision）
2026-05-09 10:38:47 [INFO] 上传文件进行 precision 模式转换：input\生产事件复盘报告-（IN20240729000016）同余数据报送异常.docx
2026-05-09 10:38:47 [ERROR] 文件不存在：input\生产事件复盘报告-（IN20240729000016）同余数据报送异常.docx
2026-05-09 10:38:47 [WARNING] 文件 input\生产事件复盘报告-（IN20240729000016）同余数据报送异常.docx 转换失败，跳过
2026-05-09 10:38:48 [INFO] MinerU 转换完成：0/7 个成功
2026-05-09 10:38:48 [INFO] ============================================================
2026-05-09 10:38:48 [INFO] 所有文件处理完成！输出目录：output
2026-05-09 10:38:48 [INFO] ============================================================
