2026-05-09 11:42:45 [INFO] 日志文件：C:\AI\data_cleaning\log\clean_20260509_114245.log
2026-05-09 11:42:45 [INFO] ============================================================
2026-05-09 11:42:45 [INFO] 文档清洗工具启动
2026-05-09 11:42:45 [INFO] 输入目录：input
2026-05-09 11:42:45 [INFO] 输出目录：output
2026-05-09 11:42:45 [INFO] MinerU 模式：agent
2026-05-09 11:42:45 [INFO] 批次大小：2
2026-05-09 11:42:45 [INFO] 配置文件：config.yaml
2026-05-09 11:42:45 [INFO] ============================================================
2026-05-09 11:42:45 [INFO] 未发现 Markdown 文件
2026-05-09 11:42:45 [INFO] 发现 1 个 Excel 文件，开始转换...
2026-05-09 11:42:45 [INFO] 处理第 1-1 个 Excel 文件
2026-05-09 11:42:45 [DEBUG] 转换 Excel：input\问题排查登记表 (2).xlsx
2026-05-09 11:42:45 [INFO] 完成：问题排查登记表 (2).xlsx -> 问题排查登记表 (2).md
2026-05-09 11:42:45 [INFO] Excel 文件处理完成：1/1 个成功
2026-05-09 11:42:45 [INFO] 发现 3 个非 Markdown 文件，开始转换（使用 MinerU agent 模式）...
2026-05-09 11:42:45 [INFO] agent（轻量）模式：一次只能解析一个文件，强制批次大小为 1
2026-05-09 11:42:45 [INFO] MinerU 处理第 1-1 个文件（模式：agent）
2026-05-09 11:42:45 [INFO] 上传文件进行 agent 模式转换：input\兴业证券redo卷时延增高问题分析报告.pdf
2026-05-09 11:42:45 [INFO] 申请上传 URL（agent 模式）：兴业证券redo卷时延增高问题分析报告.pdf
2026-05-09 11:42:45 [INFO] 上传文件（agent 模式）：兴业证券redo卷时延增高问题分析报告.pdf
2026-05-09 11:42:47 [INFO] 文件上传成功（agent 模式）：兴业证券redo卷时延增高问题分析报告.pdf
2026-05-09 11:42:47 [INFO] 批次 8922e33d-9210-423a-b232-c085904c80b7 已提交，开始轮询状态...
2026-05-09 11:42:47 [DEBUG] 批次 8922e33d-9210-423a-b232-c085904c80b7 处理中...（?/? 页，耗时 0s）
2026-05-09 11:43:02 [DEBUG] 批次 8922e33d-9210-423a-b232-c085904c80b7 处理中...（?/? 页，耗时 15s）
2026-05-09 11:43:18 [DEBUG] 批次 8922e33d-9210-423a-b232-c085904c80b7 处理中...（?/? 页，耗时 31s）
2026-05-09 11:43:33 [DEBUG] 批次 8922e33d-9210-423a-b232-c085904c80b7 处理中...（?/? 页，耗时 46s）
2026-05-09 11:43:49 [DEBUG] 批次 8922e33d-9210-423a-b232-c085904c80b7 处理中...（?/? 页，耗时 61s）
2026-05-09 11:44:04 [DEBUG] 批次 8922e33d-9210-423a-b232-c085904c80b7 处理中...（?/? 页，耗时 77s）
2026-05-09 11:44:19 [DEBUG] 批次 8922e33d-9210-423a-b232-c085904c80b7 处理中...（?/? 页，耗时 92s）
2026-05-09 11:44:35 [DEBUG] 批次 8922e33d-9210-423a-b232-c085904c80b7 处理中...（?/? 页，耗时 108s）
2026-05-09 11:44:50 [DEBUG] 批次 8922e33d-9210-423a-b232-c085904c80b7 处理中...（?/? 页，耗时 123s）
2026-05-09 11:45:06 [DEBUG] 批次 8922e33d-9210-423a-b232-c085904c80b7 处理中...（?/? 页，耗时 139s）
2026-05-09 11:45:21 [DEBUG] 批次 8922e33d-9210-423a-b232-c085904c80b7 处理中...（?/? 页，耗时 154s）
2026-05-09 11:45:37 [DEBUG] 批次 8922e33d-9210-423a-b232-c085904c80b7 处理中...（?/? 页，耗时 169s）
2026-05-09 11:45:52 [DEBUG] 批次 8922e33d-9210-423a-b232-c085904c80b7 处理中...（?/? 页，耗时 185s）
2026-05-09 11:46:08 [DEBUG] 批次 8922e33d-9210-423a-b232-c085904c80b7 处理中...（?/? 页，耗时 200s）
2026-05-09 11:46:23 [DEBUG] 批次 8922e33d-9210-423a-b232-c085904c80b7 处理中...（?/? 页，耗时 216s）
2026-05-09 11:46:38 [DEBUG] 批次 8922e33d-9210-423a-b232-c085904c80b7 处理中...（?/? 页，耗时 231s）
2026-05-09 11:46:54 [DEBUG] 批次 8922e33d-9210-423a-b232-c085904c80b7 处理中...（?/? 页，耗时 247s）
2026-05-09 11:47:09 [DEBUG] 批次 8922e33d-9210-423a-b232-c085904c80b7 处理中...（?/? 页，耗时 262s）
2026-05-09 11:47:25 [DEBUG] 批次 8922e33d-9210-423a-b232-c085904c80b7 处理中...（?/? 页，耗时 278s）
2026-05-09 11:47:40 [DEBUG] 批次 8922e33d-9210-423a-b232-c085904c80b7 处理中...（?/? 页，耗时 293s）
2026-05-09 11:47:55 [ERROR] 批次 8922e33d-9210-423a-b232-c085904c80b7 超时（超过 300 秒）
2026-05-09 11:47:55 [INFO] MinerU 转换失败，尝试本地转换 (.pdf)：input\兴业证券redo卷时延增高问题分析报告.pdf
2026-05-09 11:47:58 [INFO] 本地转换成功 (.pdf)：input\兴业证券redo卷时延增高问题分析报告.pdf
2026-05-09 11:47:58 [DEBUG] 清洗转换结果：input\兴业证券redo卷时延增高问题分析报告.pdf
2026-05-09 11:47:58 [INFO] 完成：兴业证券redo卷时延增高问题分析报告.pdf -> 兴业证券redo卷时延增高问题分析报告.md
2026-05-09 11:47:58 [INFO] MinerU 处理第 2-2 个文件（模式：agent）
2026-05-09 11:47:58 [INFO] 上传文件进行 agent 模式转换：input\生产事件复盘报告-（IN20230220000026）优理宝移动终端浙江区域少量客户登录异常(1).docx
2026-05-09 11:47:58 [INFO] 申请上传 URL（agent 模式）：生产事件复盘报告-（IN20230220000026）优理宝移动终端浙江区域少量客户登录异常(1).docx
2026-05-09 11:47:58 [INFO] 上传文件（agent 模式）：生产事件复盘报告-（IN20230220000026）优理宝移动终端浙江区域少量客户登录异常(1).docx
2026-05-09 11:47:59 [INFO] 文件上传成功（agent 模式）：生产事件复盘报告-（IN20230220000026）优理宝移动终端浙江区域少量客户登录异常(1).docx
2026-05-09 11:47:59 [INFO] 批次 68e0ea62-80b1-42cc-a4e5-450b73c4f7f9 已提交，开始轮询状态...
2026-05-09 11:47:59 [DEBUG] 批次 68e0ea62-80b1-42cc-a4e5-450b73c4f7f9 处理中...（?/? 页，耗时 0s）
2026-05-09 11:48:15 [DEBUG] 批次 68e0ea62-80b1-42cc-a4e5-450b73c4f7f9 处理中...（?/? 页，耗时 15s）
2026-05-09 11:48:30 [DEBUG] 批次 68e0ea62-80b1-42cc-a4e5-450b73c4f7f9 处理中...（?/? 页，耗时 31s）
2026-05-09 11:48:46 [DEBUG] 批次 68e0ea62-80b1-42cc-a4e5-450b73c4f7f9 处理中...（?/? 页，耗时 46s）
2026-05-09 11:49:01 [DEBUG] 批次 68e0ea62-80b1-42cc-a4e5-450b73c4f7f9 处理中...（?/? 页，耗时 62s）
2026-05-09 11:49:16 [DEBUG] 批次 68e0ea62-80b1-42cc-a4e5-450b73c4f7f9 处理中...（?/? 页，耗时 77s）
2026-05-09 11:49:32 [DEBUG] 批次 68e0ea62-80b1-42cc-a4e5-450b73c4f7f9 处理中...（?/? 页，耗时 92s）
2026-05-09 11:49:47 [DEBUG] 批次 68e0ea62-80b1-42cc-a4e5-450b73c4f7f9 处理中...（?/? 页，耗时 108s）
2026-05-09 11:50:03 [DEBUG] 批次 68e0ea62-80b1-42cc-a4e5-450b73c4f7f9 处理中...（?/? 页，耗时 123s）
2026-05-09 11:50:18 [DEBUG] 批次 68e0ea62-80b1-42cc-a4e5-450b73c4f7f9 处理中...（?/? 页，耗时 139s）
2026-05-09 11:50:34 [DEBUG] 批次 68e0ea62-80b1-42cc-a4e5-450b73c4f7f9 处理中...（?/? 页，耗时 154s）
2026-05-09 11:50:49 [DEBUG] 批次 68e0ea62-80b1-42cc-a4e5-450b73c4f7f9 处理中...（?/? 页，耗时 170s）
2026-05-09 11:51:05 [DEBUG] 批次 68e0ea62-80b1-42cc-a4e5-450b73c4f7f9 处理中...（?/? 页，耗时 185s）
2026-05-09 11:51:20 [DEBUG] 批次 68e0ea62-80b1-42cc-a4e5-450b73c4f7f9 处理中...（?/? 页，耗时 201s）
2026-05-09 11:51:36 [DEBUG] 批次 68e0ea62-80b1-42cc-a4e5-450b73c4f7f9 处理中...（?/? 页，耗时 216s）
2026-05-09 11:51:51 [DEBUG] 批次 68e0ea62-80b1-42cc-a4e5-450b73c4f7f9 处理中...（?/? 页，耗时 232s）
2026-05-09 11:52:07 [DEBUG] 批次 68e0ea62-80b1-42cc-a4e5-450b73c4f7f9 处理中...（?/? 页，耗时 247s）
2026-05-09 11:52:22 [DEBUG] 批次 68e0ea62-80b1-42cc-a4e5-450b73c4f7f9 处理中...（?/? 页，耗时 263s）
2026-05-09 11:52:38 [DEBUG] 批次 68e0ea62-80b1-42cc-a4e5-450b73c4f7f9 处理中...（?/? 页，耗时 278s）
2026-05-09 11:52:53 [DEBUG] 批次 68e0ea62-80b1-42cc-a4e5-450b73c4f7f9 处理中...（?/? 页，耗时 294s）
2026-05-09 11:53:08 [ERROR] 批次 68e0ea62-80b1-42cc-a4e5-450b73c4f7f9 超时（超过 300 秒）
2026-05-09 11:53:08 [INFO] MinerU 转换失败，尝试本地转换 (.docx)：input\生产事件复盘报告-（IN20230220000026）优理宝移动终端浙江区域少量客户登录异常(1).docx
2026-05-09 11:53:08 [INFO] 本地转换成功 (.docx)：input\生产事件复盘报告-（IN20230220000026）优理宝移动终端浙江区域少量客户登录异常(1).docx
2026-05-09 11:53:08 [DEBUG] 清洗转换结果：input\生产事件复盘报告-（IN20230220000026）优理宝移动终端浙江区域少量客户登录异常(1).docx
2026-05-09 11:53:08 [INFO] 完成：生产事件复盘报告-（IN20230220000026）优理宝移动终端浙江区域少量客户登录异常(1).docx -> 生产事件复盘报告-（IN20230220000026）优理宝移动终端浙江区域少量客户登录异常(1).md
2026-05-09 11:53:08 [INFO] MinerU 处理第 3-3 个文件（模式：agent）
2026-05-09 11:53:08 [INFO] 上传文件进行 agent 模式转换：input\生产事件复盘报告-（IN20240729000016）同余数据报送异常.docx
2026-05-09 11:53:08 [INFO] 申请上传 URL（agent 模式）：生产事件复盘报告-（IN20240729000016）同余数据报送异常.docx
2026-05-09 11:53:09 [INFO] 上传文件（agent 模式）：生产事件复盘报告-（IN20240729000016）同余数据报送异常.docx
2026-05-09 11:53:10 [INFO] 文件上传成功（agent 模式）：生产事件复盘报告-（IN20240729000016）同余数据报送异常.docx
2026-05-09 11:53:10 [INFO] 批次 41ec7c17-9c39-429a-9043-0f8f9b090510 已提交，开始轮询状态...
2026-05-09 11:53:10 [DEBUG] 批次 41ec7c17-9c39-429a-9043-0f8f9b090510 处理中...（?/? 页，耗时 0s）
2026-05-09 11:53:25 [DEBUG] 批次 41ec7c17-9c39-429a-9043-0f8f9b090510 处理中...（?/? 页，耗时 15s）
2026-05-09 11:53:41 [DEBUG] 批次 41ec7c17-9c39-429a-9043-0f8f9b090510 处理中...（?/? 页，耗时 31s）
2026-05-09 11:53:56 [DEBUG] 批次 41ec7c17-9c39-429a-9043-0f8f9b090510 处理中...（?/? 页，耗时 46s）
2026-05-09 11:54:12 [DEBUG] 批次 41ec7c17-9c39-429a-9043-0f8f9b090510 处理中...（?/? 页，耗时 62s）
2026-05-09 11:54:27 [DEBUG] 批次 41ec7c17-9c39-429a-9043-0f8f9b090510 处理中...（?/? 页，耗时 77s）
2026-05-09 11:54:43 [DEBUG] 批次 41ec7c17-9c39-429a-9043-0f8f9b090510 处理中...（?/? 页，耗时 93s）
2026-05-09 11:54:58 [DEBUG] 批次 41ec7c17-9c39-429a-9043-0f8f9b090510 处理中...（?/? 页，耗时 108s）
2026-05-09 11:55:14 [DEBUG] 批次 41ec7c17-9c39-429a-9043-0f8f9b090510 处理中...（?/? 页，耗时 124s）
2026-05-09 11:55:29 [DEBUG] 批次 41ec7c17-9c39-429a-9043-0f8f9b090510 处理中...（?/? 页，耗时 139s）
2026-05-09 11:55:45 [DEBUG] 批次 41ec7c17-9c39-429a-9043-0f8f9b090510 处理中...（?/? 页，耗时 155s）
2026-05-09 11:56:00 [DEBUG] 批次 41ec7c17-9c39-429a-9043-0f8f9b090510 处理中...（?/? 页，耗时 170s）
2026-05-09 11:56:16 [DEBUG] 批次 41ec7c17-9c39-429a-9043-0f8f9b090510 处理中...（?/? 页，耗时 186s）
2026-05-09 11:56:31 [DEBUG] 批次 41ec7c17-9c39-429a-9043-0f8f9b090510 处理中...（?/? 页，耗时 201s）
2026-05-09 11:56:47 [DEBUG] 批次 41ec7c17-9c39-429a-9043-0f8f9b090510 处理中...（?/? 页，耗时 217s）
2026-05-09 11:57:02 [DEBUG] 批次 41ec7c17-9c39-429a-9043-0f8f9b090510 处理中...（?/? 页，耗时 232s）
2026-05-09 11:57:18 [DEBUG] 批次 41ec7c17-9c39-429a-9043-0f8f9b090510 处理中...（?/? 页，耗时 248s）
2026-05-09 11:57:33 [DEBUG] 批次 41ec7c17-9c39-429a-9043-0f8f9b090510 处理中...（?/? 页，耗时 263s）
2026-05-09 11:57:49 [DEBUG] 批次 41ec7c17-9c39-429a-9043-0f8f9b090510 处理中...（?/? 页，耗时 279s）
2026-05-09 11:58:04 [DEBUG] 批次 41ec7c17-9c39-429a-9043-0f8f9b090510 处理中...（?/? 页，耗时 294s）
2026-05-09 11:58:19 [ERROR] 批次 41ec7c17-9c39-429a-9043-0f8f9b090510 超时（超过 300 秒）
2026-05-09 11:58:19 [INFO] MinerU 转换失败，尝试本地转换 (.docx)：input\生产事件复盘报告-（IN20240729000016）同余数据报送异常.docx
2026-05-09 11:58:20 [INFO] 本地转换成功 (.docx)：input\生产事件复盘报告-（IN20240729000016）同余数据报送异常.docx
2026-05-09 11:58:20 [DEBUG] 清洗转换结果：input\生产事件复盘报告-（IN20240729000016）同余数据报送异常.docx
2026-05-09 11:58:20 [INFO] 完成：生产事件复盘报告-（IN20240729000016）同余数据报送异常.docx -> 生产事件复盘报告-（IN20240729000016）同余数据报送异常.md
2026-05-09 11:58:21 [INFO] MinerU 转换完成：3/3 个成功
2026-05-09 11:58:21 [INFO] ============================================================
2026-05-09 11:58:21 [INFO] 所有文件处理完成！输出目录：output
2026-05-09 11:58:21 [INFO] ============================================================
