2026-05-09 11:35:17 [INFO] 日志文件：C:\AI\data_cleaning\log\clean_20260509_113517.log
2026-05-09 11:35:17 [INFO] ============================================================
2026-05-09 11:35:17 [INFO] 文档清洗工具启动
2026-05-09 11:35:17 [INFO] 输入目录：input
2026-05-09 11:35:17 [INFO] 输出目录：output
2026-05-09 11:35:17 [INFO] MinerU 模式：agent
2026-05-09 11:35:17 [INFO] 批次大小：2
2026-05-09 11:35:17 [INFO] 配置文件：config.yaml
2026-05-09 11:35:17 [INFO] ============================================================
2026-05-09 11:35:17 [INFO] 未发现 Markdown 文件
2026-05-09 11:35:17 [INFO] 发现 1 个非 Markdown 文件，开始转换（使用 MinerU agent 模式）...
2026-05-09 11:35:17 [INFO] agent（轻量）模式：一次只能解析一个文件，强制批次大小为 1
2026-05-09 11:35:17 [INFO] MinerU 处理第 1-1 个文件（模式：agent）
2026-05-09 11:35:17 [INFO] 上传文件进行 agent 模式转换：input\20230426 - tadb1主机内存使用率分析报告.docx
2026-05-09 11:35:17 [INFO] 申请上传 URL（agent 模式）：20230426 - tadb1主机内存使用率分析报告.docx
2026-05-09 11:35:17 [INFO] 上传文件（agent 模式）：20230426 - tadb1主机内存使用率分析报告.docx
2026-05-09 11:35:18 [INFO] 文件上传成功（agent 模式）：20230426 - tadb1主机内存使用率分析报告.docx
2026-05-09 11:35:18 [INFO] 批次 bfefb8db-03a1-472e-b426-16301de5513b 已提交，开始轮询状态...
2026-05-09 11:35:18 [DEBUG] 批次 bfefb8db-03a1-472e-b426-16301de5513b 处理中...（?/? 页，耗时 0s）
2026-05-09 11:35:33 [DEBUG] 批次 bfefb8db-03a1-472e-b426-16301de5513b 处理中...（?/? 页，耗时 15s）
2026-05-09 11:35:49 [DEBUG] 批次 bfefb8db-03a1-472e-b426-16301de5513b 处理中...（?/? 页，耗时 31s）
2026-05-09 11:36:04 [DEBUG] 批次 bfefb8db-03a1-472e-b426-16301de5513b 处理中...（?/? 页，耗时 46s）
2026-05-09 11:36:19 [DEBUG] 批次 bfefb8db-03a1-472e-b426-16301de5513b 处理中...（?/? 页，耗时 61s）
2026-05-09 11:36:35 [DEBUG] 批次 bfefb8db-03a1-472e-b426-16301de5513b 处理中...（?/? 页，耗时 77s）
2026-05-09 11:36:50 [DEBUG] 批次 bfefb8db-03a1-472e-b426-16301de5513b 处理中...（?/? 页，耗时 92s）
2026-05-09 11:37:06 [DEBUG] 批次 bfefb8db-03a1-472e-b426-16301de5513b 处理中...（?/? 页，耗时 108s）
2026-05-09 11:37:21 [DEBUG] 批次 bfefb8db-03a1-472e-b426-16301de5513b 处理中...（?/? 页，耗时 123s）
2026-05-09 11:37:37 [DEBUG] 批次 bfefb8db-03a1-472e-b426-16301de5513b 处理中...（?/? 页，耗时 139s）
2026-05-09 11:37:52 [DEBUG] 批次 bfefb8db-03a1-472e-b426-16301de5513b 处理中...（?/? 页，耗时 154s）
2026-05-09 11:38:08 [DEBUG] 批次 bfefb8db-03a1-472e-b426-16301de5513b 处理中...（?/? 页，耗时 170s）
2026-05-09 11:38:23 [DEBUG] 批次 bfefb8db-03a1-472e-b426-16301de5513b 处理中...（?/? 页，耗时 185s）
2026-05-09 11:38:39 [DEBUG] 批次 bfefb8db-03a1-472e-b426-16301de5513b 处理中...（?/? 页，耗时 201s）
2026-05-09 11:38:54 [DEBUG] 批次 bfefb8db-03a1-472e-b426-16301de5513b 处理中...（?/? 页，耗时 216s）
2026-05-09 11:39:09 [DEBUG] 批次 bfefb8db-03a1-472e-b426-16301de5513b 处理中...（?/? 页，耗时 231s）
2026-05-09 11:39:25 [DEBUG] 批次 bfefb8db-03a1-472e-b426-16301de5513b 处理中...（?/? 页，耗时 247s）
2026-05-09 11:39:40 [DEBUG] 批次 bfefb8db-03a1-472e-b426-16301de5513b 处理中...（?/? 页，耗时 262s）
2026-05-09 11:39:56 [DEBUG] 批次 bfefb8db-03a1-472e-b426-16301de5513b 处理中...（?/? 页，耗时 278s）
2026-05-09 11:40:11 [DEBUG] 批次 bfefb8db-03a1-472e-b426-16301de5513b 处理中...（?/? 页，耗时 293s）
