2026-05-10 20:27:45 [INFO] 日志文件：C:\AI\data_cleaning\log\clean_20260510_202745.log
2026-05-10 20:27:45 [INFO] ============================================================
2026-05-10 20:27:45 [INFO] 文档清洗工具启动
2026-05-10 20:27:45 [INFO] 输入目录：input
2026-05-10 20:27:45 [INFO] 输出目录：output_test_new
2026-05-10 20:27:45 [INFO] MinerU 模式：precision
2026-05-10 20:27:45 [INFO] 批次大小：2
2026-05-10 20:27:45 [INFO] ============================================================
2026-05-10 20:27:45 [INFO] 未发现 Markdown 文件
2026-05-10 20:27:45 [INFO] 发现 1 个 Excel 文件，开始转换...
2026-05-10 20:27:45 [INFO] 处理第 1-1 个 Excel 文件
2026-05-10 20:27:45 [DEBUG] 转换 Excel：input\问题排查登记表 (2).xlsx
2026-05-10 20:27:45 [INFO] 完成：问题排查登记表 (2).xlsx -> 问题排查登记表 (2).md
2026-05-10 20:27:45 [INFO] Excel 文件处理完成：1/1 个成功
2026-05-10 20:27:45 [INFO] 发现 3 个非 Markdown 文件，开始转换（回退策略：precision 模式 → Agent 轻量模式 → 本地转换）...
2026-05-10 20:27:45 [INFO] MinerU 处理第 1-2 个文件（模式：precision）
2026-05-10 20:27:45 [INFO] 上传文件进行 precision 模式转换：input\兴业证券redo卷时延增高问题分析报告.pdf
2026-05-10 20:27:45 [INFO] 申请上传 URL：兴业证券redo卷时延增高问题分析报告.pdf
2026-05-10 20:27:45 [ERROR] 获取上传 URL 失败：401 login required
2026-05-10 20:27:45 [WARNING] 精准模式转换失败，自动回退到 Agent 轻量模式：兴业证券redo卷时延增高问题分析报告.pdf
2026-05-10 20:27:45 [INFO] Agent 模式提交文件：兴业证券redo卷时延增高问题分析报告.pdf
2026-05-10 20:27:46 [INFO] Agent 任务已提交：ccd04c4e-c00a-4bcf-b412-9b57f45d997c07
2026-05-10 20:27:46 [INFO] 上传文件：兴业证券redo卷时延增高问题分析报告.pdf
2026-05-10 20:27:47 [INFO] 文件上传成功：兴业证券redo卷时延增高问题分析报告.pdf
2026-05-10 20:27:47 [INFO] Agent 任务 ccd04c4e-c00a-4bcf-b412-9b57f45d997c07 已提交，开始轮询状态...
2026-05-10 20:27:47 [DEBUG] Agent 任务 ccd04c4e-c00a-4bcf-b412-9b57f45d997c07 处理中...（状态：pending，耗时 0s）
2026-05-10 20:27:53 [ERROR] Agent 任务失败：parsing failed, please try again later
2026-05-10 20:27:53 [INFO] MinerU 所有模式均失败，回退到本地转换 (.pdf)：input\兴业证券redo卷时延增高问题分析报告.pdf
2026-05-10 20:27:55 [INFO] 本地转换成功 (.pdf)：input\兴业证券redo卷时延增高问题分析报告.pdf
2026-05-10 20:27:55 [DEBUG] 清洗转换结果：input\兴业证券redo卷时延增高问题分析报告.pdf
2026-05-10 20:27:55 [INFO] 完成：兴业证券redo卷时延增高问题分析报告.pdf -> 兴业证券redo卷时延增高问题分析报告.md
2026-05-10 20:27:55 [INFO] 上传文件进行 precision 模式转换：input\生产事件复盘报告-（IN20230220000026）优理宝移动终端浙江区域少量客户登录异常(1).docx
2026-05-10 20:27:55 [INFO] 申请上传 URL：生产事件复盘报告-（IN20230220000026）优理宝移动终端浙江区域少量客户登录异常(1).docx
2026-05-10 20:27:56 [ERROR] 获取上传 URL 失败：401 login required
2026-05-10 20:27:56 [WARNING] 精准模式转换失败，自动回退到 Agent 轻量模式：生产事件复盘报告-（IN20230220000026）优理宝移动终端浙江区域少量客户登录异常(1).docx
2026-05-10 20:27:56 [INFO] Agent 模式提交文件：生产事件复盘报告-（IN20230220000026）优理宝移动终端浙江区域少量客户登录异常(1).docx
2026-05-10 20:27:56 [INFO] Agent 任务已提交：3adb2a91-5a00-44c0-a343-4d29a8836e4d07
2026-05-10 20:27:56 [INFO] 上传文件：生产事件复盘报告-（IN20230220000026）优理宝移动终端浙江区域少量客户登录异常(1).docx
2026-05-10 20:27:57 [INFO] 文件上传成功：生产事件复盘报告-（IN20230220000026）优理宝移动终端浙江区域少量客户登录异常(1).docx
2026-05-10 20:27:57 [INFO] Agent 任务 3adb2a91-5a00-44c0-a343-4d29a8836e4d07 已提交，开始轮询状态...
2026-05-10 20:27:57 [DEBUG] Agent 任务 3adb2a91-5a00-44c0-a343-4d29a8836e4d07 处理中...（状态：waiting-file，耗时 0s）
2026-05-10 20:28:03 [DEBUG] Agent 任务 3adb2a91-5a00-44c0-a343-4d29a8836e4d07 处理中...（状态：running，耗时 5s）
2026-05-10 20:28:08 [INFO] Agent 任务 3adb2a91-5a00-44c0-a343-4d29a8836e4d07 已完成
2026-05-10 20:28:08 [WARNING] Agent 任务完成但未获取到 Markdown 链接
2026-05-10 20:28:08 [INFO] MinerU 所有模式均失败，回退到本地转换 (.docx)：input\生产事件复盘报告-（IN20230220000026）优理宝移动终端浙江区域少量客户登录异常(1).docx
2026-05-10 20:28:08 [INFO] 本地转换成功 (.docx)：input\生产事件复盘报告-（IN20230220000026）优理宝移动终端浙江区域少量客户登录异常(1).docx
2026-05-10 20:28:08 [DEBUG] 清洗转换结果：input\生产事件复盘报告-（IN20230220000026）优理宝移动终端浙江区域少量客户登录异常(1).docx
2026-05-10 20:28:08 [INFO] 完成：生产事件复盘报告-（IN20230220000026）优理宝移动终端浙江区域少量客户登录异常(1).docx -> 生产事件复盘报告-（IN20230220000026）优理宝移动终端浙江区域少量客户登录异常(1).md
2026-05-10 20:28:08 [INFO] MinerU 处理第 3-3 个文件（模式：precision）
2026-05-10 20:28:08 [INFO] 上传文件进行 precision 模式转换：input\生产事件复盘报告-（IN20240729000016）同余数据报送异常.docx
2026-05-10 20:28:08 [INFO] 申请上传 URL：生产事件复盘报告-（IN20240729000016）同余数据报送异常.docx
2026-05-10 20:28:08 [ERROR] 获取上传 URL 失败：401 login required
2026-05-10 20:28:08 [WARNING] 精准模式转换失败，自动回退到 Agent 轻量模式：生产事件复盘报告-（IN20240729000016）同余数据报送异常.docx
2026-05-10 20:28:08 [INFO] Agent 模式提交文件：生产事件复盘报告-（IN20240729000016）同余数据报送异常.docx
2026-05-10 20:28:09 [INFO] Agent 任务已提交：959c1955-f5c4-4019-9d0a-743dac083b5607
2026-05-10 20:28:09 [INFO] 上传文件：生产事件复盘报告-（IN20240729000016）同余数据报送异常.docx
2026-05-10 20:28:09 [INFO] 文件上传成功：生产事件复盘报告-（IN20240729000016）同余数据报送异常.docx
2026-05-10 20:28:09 [INFO] Agent 任务 959c1955-f5c4-4019-9d0a-743dac083b5607 已提交，开始轮询状态...
2026-05-10 20:28:10 [DEBUG] Agent 任务 959c1955-f5c4-4019-9d0a-743dac083b5607 处理中...（状态：waiting-file，耗时 0s）
2026-05-10 20:28:15 [DEBUG] Agent 任务 959c1955-f5c4-4019-9d0a-743dac083b5607 处理中...（状态：running，耗时 5s）
2026-05-10 20:28:20 [INFO] Agent 任务 959c1955-f5c4-4019-9d0a-743dac083b5607 已完成
2026-05-10 20:28:20 [WARNING] Agent 任务完成但未获取到 Markdown 链接
2026-05-10 20:28:20 [INFO] MinerU 所有模式均失败，回退到本地转换 (.docx)：input\生产事件复盘报告-（IN20240729000016）同余数据报送异常.docx
2026-05-10 20:28:20 [INFO] 本地转换成功 (.docx)：input\生产事件复盘报告-（IN20240729000016）同余数据报送异常.docx
2026-05-10 20:28:20 [DEBUG] 清洗转换结果：input\生产事件复盘报告-（IN20240729000016）同余数据报送异常.docx
2026-05-10 20:28:20 [INFO] 完成：生产事件复盘报告-（IN20240729000016）同余数据报送异常.docx -> 生产事件复盘报告-（IN20240729000016）同余数据报送异常.md
2026-05-10 20:28:21 [INFO] MinerU 转换完成：3/3 个成功
2026-05-10 20:28:21 [INFO] ============================================================
2026-05-10 20:28:21 [INFO] 所有文件处理完成！输出目录：output_test_new
2026-05-10 20:28:21 [INFO] ============================================================
