2026-05-09 09:56:14 [INFO] 日志文件：C:\AI\data_cleaning\log\clean_20260509_095614.log
2026-05-09 09:56:14 [INFO] ============================================================
2026-05-09 09:56:14 [INFO] 文档清洗工具启动
2026-05-09 09:56:14 [INFO] 输入目录：input
2026-05-09 09:56:14 [INFO] 输出目录：output
2026-05-09 09:56:14 [INFO] MinerU 模式：precision
2026-05-09 09:56:14 [INFO] 批次大小：2
2026-05-09 09:56:14 [INFO] 配置文件：config.yaml
2026-05-09 09:56:14 [INFO] ============================================================
2026-05-09 09:56:14 [INFO] 发现 1 个 Markdown 文件，开始处理...
2026-05-09 09:56:14 [INFO] 处理第 1-1 个文件（批次大小：2）
2026-05-09 09:56:14 [DEBUG] 读取文件：input\兴业证券redo卷时延增高问题分析报告-md.md
2026-05-09 09:56:14 [DEBUG] 开始清洗：input\兴业证券redo卷时延增高问题分析报告-md.md
2026-05-09 09:56:43 [INFO] 完成：兴业证券redo卷时延增高问题分析报告-md.md
2026-05-09 09:56:43 [INFO] Markdown 文件处理完成：1/1 个成功
2026-05-09 09:56:43 [INFO] 发现 1 个 Excel 文件，开始转换...
2026-05-09 09:56:43 [INFO] 处理第 1-1 个 Excel 文件
2026-05-09 09:56:43 [DEBUG] 转换 Excel：input\问题排查登记表 (2).xlsx
2026-05-09 09:56:44 [INFO] 完成：问题排查登记表 (2).xlsx -> 问题排查登记表 (2).md
2026-05-09 09:56:44 [INFO] Excel 文件处理完成：1/1 个成功
2026-05-09 09:56:44 [INFO] 发现 7 个非 Markdown 文件，开始转换（使用 MinerU precision 模式）...
2026-05-09 09:56:44 [INFO] MinerU 处理第 1-2 个文件（模式：precision）
2026-05-09 09:56:44 [INFO] 上传文件进行 precision 模式转换：input\20230426 - tadb1主机内存使用率分析报告.docx
2026-05-09 09:56:44 [INFO] 申请上传 URL：20230426 - tadb1主机内存使用率分析报告.docx
2026-05-09 09:56:44 [INFO] 上传文件：20230426 - tadb1主机内存使用率分析报告.docx
2026-05-09 09:56:45 [INFO] 文件上传成功：20230426 - tadb1主机内存使用率分析报告.docx
2026-05-09 09:56:45 [INFO] 批次 bb688059-c540-45ff-9d54-eb623145df10 已提交，开始轮询状态...
2026-05-09 09:56:45 [DEBUG] 批次 bb688059-c540-45ff-9d54-eb623145df10 处理中...（?/? 页，耗时 0s）
2026-05-09 09:57:01 [DEBUG] 批次 bb688059-c540-45ff-9d54-eb623145df10 处理中...（?/? 页，耗时 15s）
2026-05-09 09:57:16 [DEBUG] 批次 bb688059-c540-45ff-9d54-eb623145df10 处理中...（?/? 页，耗时 31s）
2026-05-09 09:57:31 [DEBUG] 批次 bb688059-c540-45ff-9d54-eb623145df10 处理中...（?/? 页，耗时 46s）
2026-05-09 09:57:47 [DEBUG] 批次 bb688059-c540-45ff-9d54-eb623145df10 处理中...（?/? 页，耗时 61s）
2026-05-09 09:58:02 [DEBUG] 批次 bb688059-c540-45ff-9d54-eb623145df10 处理中...（?/? 页，耗时 77s）
2026-05-09 09:58:18 [DEBUG] 批次 bb688059-c540-45ff-9d54-eb623145df10 处理中...（?/? 页，耗时 92s）
2026-05-09 09:58:33 [DEBUG] 批次 bb688059-c540-45ff-9d54-eb623145df10 处理中...（?/? 页，耗时 108s）
2026-05-09 09:58:49 [DEBUG] 批次 bb688059-c540-45ff-9d54-eb623145df10 处理中...（?/? 页，耗时 123s）
2026-05-09 09:59:04 [DEBUG] 批次 bb688059-c540-45ff-9d54-eb623145df10 处理中...（?/? 页，耗时 139s）
2026-05-09 09:59:19 [DEBUG] 批次 bb688059-c540-45ff-9d54-eb623145df10 处理中...（?/? 页，耗时 154s）
2026-05-09 09:59:35 [DEBUG] 批次 bb688059-c540-45ff-9d54-eb623145df10 处理中...（?/? 页，耗时 169s）
2026-05-09 09:59:50 [DEBUG] 批次 bb688059-c540-45ff-9d54-eb623145df10 处理中...（?/? 页，耗时 185s）
2026-05-09 10:00:06 [DEBUG] 批次 bb688059-c540-45ff-9d54-eb623145df10 处理中...（?/? 页，耗时 200s）
2026-05-09 10:00:21 [DEBUG] 批次 bb688059-c540-45ff-9d54-eb623145df10 处理中...（?/? 页，耗时 216s）
2026-05-09 10:00:37 [DEBUG] 批次 bb688059-c540-45ff-9d54-eb623145df10 处理中...（?/? 页，耗时 231s）
2026-05-09 10:00:52 [DEBUG] 批次 bb688059-c540-45ff-9d54-eb623145df10 处理中...（?/? 页，耗时 247s）
2026-05-09 10:01:07 [DEBUG] 批次 bb688059-c540-45ff-9d54-eb623145df10 处理中...（?/? 页，耗时 262s）
2026-05-09 10:01:23 [DEBUG] 批次 bb688059-c540-45ff-9d54-eb623145df10 处理中...（?/? 页，耗时 277s）
2026-05-09 10:01:38 [DEBUG] 批次 bb688059-c540-45ff-9d54-eb623145df10 处理中...（?/? 页，耗时 293s）
2026-05-09 10:01:53 [ERROR] 批次 bb688059-c540-45ff-9d54-eb623145df10 超时（超过 300 秒）
2026-05-09 10:01:53 [WARNING] 文件 input\20230426 - tadb1主机内存使用率分析报告.docx 转换失败，跳过
2026-05-09 10:01:53 [INFO] 上传文件进行 precision 模式转换：input\兴业证券redo卷时延增高问题分析报告.pdf
2026-05-09 10:01:53 [INFO] 申请上传 URL：兴业证券redo卷时延增高问题分析报告.pdf
2026-05-09 10:01:54 [INFO] 上传文件：兴业证券redo卷时延增高问题分析报告.pdf
2026-05-09 10:01:55 [INFO] 文件上传成功：兴业证券redo卷时延增高问题分析报告.pdf
2026-05-09 10:01:55 [INFO] 批次 57739d75-cfad-470f-8c4c-c237a88b294d 已提交，开始轮询状态...
2026-05-09 10:01:55 [DEBUG] 批次 57739d75-cfad-470f-8c4c-c237a88b294d 处理中...（?/? 页，耗时 0s）
2026-05-09 10:02:11 [DEBUG] 批次 57739d75-cfad-470f-8c4c-c237a88b294d 处理中...（?/? 页，耗时 15s）
2026-05-09 10:02:26 [DEBUG] 批次 57739d75-cfad-470f-8c4c-c237a88b294d 处理中...（?/? 页，耗时 31s）
2026-05-09 10:02:42 [DEBUG] 批次 57739d75-cfad-470f-8c4c-c237a88b294d 处理中...（?/? 页，耗时 46s）
2026-05-09 10:02:57 [DEBUG] 批次 57739d75-cfad-470f-8c4c-c237a88b294d 处理中...（?/? 页，耗时 61s）
2026-05-09 10:03:12 [DEBUG] 批次 57739d75-cfad-470f-8c4c-c237a88b294d 处理中...（?/? 页，耗时 77s）
2026-05-09 10:03:28 [DEBUG] 批次 57739d75-cfad-470f-8c4c-c237a88b294d 处理中...（?/? 页，耗时 92s）
2026-05-09 10:03:43 [DEBUG] 批次 57739d75-cfad-470f-8c4c-c237a88b294d 处理中...（?/? 页，耗时 108s）
2026-05-09 10:03:59 [DEBUG] 批次 57739d75-cfad-470f-8c4c-c237a88b294d 处理中...（?/? 页，耗时 123s）
2026-05-09 10:04:14 [DEBUG] 批次 57739d75-cfad-470f-8c4c-c237a88b294d 处理中...（?/? 页，耗时 139s）
2026-05-09 10:04:30 [DEBUG] 批次 57739d75-cfad-470f-8c4c-c237a88b294d 处理中...（?/? 页，耗时 154s）
2026-05-09 10:04:45 [DEBUG] 批次 57739d75-cfad-470f-8c4c-c237a88b294d 处理中...（?/? 页，耗时 169s）
2026-05-09 10:05:00 [DEBUG] 批次 57739d75-cfad-470f-8c4c-c237a88b294d 处理中...（?/? 页，耗时 185s）
2026-05-09 10:05:16 [DEBUG] 批次 57739d75-cfad-470f-8c4c-c237a88b294d 处理中...（?/? 页，耗时 200s）
2026-05-09 10:05:31 [DEBUG] 批次 57739d75-cfad-470f-8c4c-c237a88b294d 处理中...（?/? 页，耗时 216s）
2026-05-09 10:05:47 [DEBUG] 批次 57739d75-cfad-470f-8c4c-c237a88b294d 处理中...（?/? 页，耗时 231s）
2026-05-09 10:06:02 [DEBUG] 批次 57739d75-cfad-470f-8c4c-c237a88b294d 处理中...（?/? 页，耗时 247s）
2026-05-09 10:06:18 [DEBUG] 批次 57739d75-cfad-470f-8c4c-c237a88b294d 处理中...（?/? 页，耗时 262s）
2026-05-09 10:06:33 [DEBUG] 批次 57739d75-cfad-470f-8c4c-c237a88b294d 处理中...（?/? 页，耗时 278s）
2026-05-09 10:06:49 [DEBUG] 批次 57739d75-cfad-470f-8c4c-c237a88b294d 处理中...（?/? 页，耗时 293s）
2026-05-09 10:07:04 [ERROR] 批次 57739d75-cfad-470f-8c4c-c237a88b294d 超时（超过 300 秒）
2026-05-09 10:07:04 [WARNING] 文件 input\兴业证券redo卷时延增高问题分析报告.pdf 转换失败，跳过
2026-05-09 10:07:04 [INFO] MinerU 处理第 3-4 个文件（模式：precision）
2026-05-09 10:07:04 [INFO] 上传文件进行 precision 模式转换：input\兴业证券股份有限公司OceanStor 5610 V5存储windows客户端访问共享操作报错问题分析报告.docx
2026-05-09 10:07:04 [INFO] 申请上传 URL：兴业证券股份有限公司OceanStor 5610 V5存储windows客户端访问共享操作报错问题分析报告.docx
2026-05-09 10:07:05 [INFO] 上传文件：兴业证券股份有限公司OceanStor 5610 V5存储windows客户端访问共享操作报错问题分析报告.docx
2026-05-09 10:07:06 [INFO] 文件上传成功：兴业证券股份有限公司OceanStor 5610 V5存储windows客户端访问共享操作报错问题分析报告.docx
2026-05-09 10:07:06 [INFO] 批次 2591bc03-8c27-4c6c-8423-9a53c1013c73 已提交，开始轮询状态...
2026-05-09 10:07:06 [DEBUG] 批次 2591bc03-8c27-4c6c-8423-9a53c1013c73 处理中...（?/? 页，耗时 0s）
2026-05-09 10:07:22 [DEBUG] 批次 2591bc03-8c27-4c6c-8423-9a53c1013c73 处理中...（?/? 页，耗时 15s）
2026-05-09 10:07:37 [DEBUG] 批次 2591bc03-8c27-4c6c-8423-9a53c1013c73 处理中...（?/? 页，耗时 31s）
2026-05-09 10:07:53 [DEBUG] 批次 2591bc03-8c27-4c6c-8423-9a53c1013c73 处理中...（?/? 页，耗时 46s）
2026-05-09 10:08:08 [DEBUG] 批次 2591bc03-8c27-4c6c-8423-9a53c1013c73 处理中...（?/? 页，耗时 62s）
2026-05-09 10:08:23 [DEBUG] 批次 2591bc03-8c27-4c6c-8423-9a53c1013c73 处理中...（?/? 页，耗时 77s）
2026-05-09 10:08:39 [DEBUG] 批次 2591bc03-8c27-4c6c-8423-9a53c1013c73 处理中...（?/? 页，耗时 93s）
2026-05-09 10:08:55 [DEBUG] 批次 2591bc03-8c27-4c6c-8423-9a53c1013c73 处理中...（?/? 页，耗时 108s）
2026-05-09 10:09:10 [DEBUG] 批次 2591bc03-8c27-4c6c-8423-9a53c1013c73 处理中...（?/? 页，耗时 124s）
2026-05-09 10:09:26 [DEBUG] 批次 2591bc03-8c27-4c6c-8423-9a53c1013c73 处理中...（?/? 页，耗时 139s）
2026-05-09 10:09:41 [DEBUG] 批次 2591bc03-8c27-4c6c-8423-9a53c1013c73 处理中...（?/? 页，耗时 155s）
2026-05-09 10:09:57 [DEBUG] 批次 2591bc03-8c27-4c6c-8423-9a53c1013c73 处理中...（?/? 页，耗时 170s）
2026-05-09 10:10:12 [DEBUG] 批次 2591bc03-8c27-4c6c-8423-9a53c1013c73 处理中...（?/? 页，耗时 186s）
2026-05-09 10:10:27 [DEBUG] 批次 2591bc03-8c27-4c6c-8423-9a53c1013c73 处理中...（?/? 页，耗时 201s）
2026-05-09 10:10:43 [DEBUG] 批次 2591bc03-8c27-4c6c-8423-9a53c1013c73 处理中...（?/? 页，耗时 217s）
2026-05-09 10:10:58 [DEBUG] 批次 2591bc03-8c27-4c6c-8423-9a53c1013c73 处理中...（?/? 页，耗时 232s）
2026-05-09 10:11:14 [DEBUG] 批次 2591bc03-8c27-4c6c-8423-9a53c1013c73 处理中...（?/? 页，耗时 247s）
2026-05-09 10:11:29 [DEBUG] 批次 2591bc03-8c27-4c6c-8423-9a53c1013c73 处理中...（?/? 页，耗时 263s）
2026-05-09 10:11:45 [DEBUG] 批次 2591bc03-8c27-4c6c-8423-9a53c1013c73 处理中...（?/? 页，耗时 278s）
2026-05-09 10:12:00 [DEBUG] 批次 2591bc03-8c27-4c6c-8423-9a53c1013c73 处理中...（?/? 页，耗时 294s）
2026-05-09 10:12:15 [ERROR] 批次 2591bc03-8c27-4c6c-8423-9a53c1013c73 超时（超过 300 秒）
2026-05-09 10:12:15 [WARNING] 文件 input\兴业证券股份有限公司OceanStor 5610 V5存储windows客户端访问共享操作报错问题分析报告.docx 转换失败，跳过
2026-05-09 10:12:15 [INFO] 上传文件进行 precision 模式转换：input\协同办公系统卡顿现象分析报告-2023年2月10日.docx
2026-05-09 10:12:15 [INFO] 申请上传 URL：协同办公系统卡顿现象分析报告-2023年2月10日.docx
2026-05-09 10:12:16 [INFO] 上传文件：协同办公系统卡顿现象分析报告-2023年2月10日.docx
2026-05-09 10:12:16 [INFO] 文件上传成功：协同办公系统卡顿现象分析报告-2023年2月10日.docx
2026-05-09 10:12:16 [INFO] 批次 12ea1cff-8cc2-4372-bd67-68c0de65fa80 已提交，开始轮询状态...
2026-05-09 10:12:17 [DEBUG] 批次 12ea1cff-8cc2-4372-bd67-68c0de65fa80 处理中...（?/? 页，耗时 0s）
2026-05-09 10:12:32 [DEBUG] 批次 12ea1cff-8cc2-4372-bd67-68c0de65fa80 处理中...（?/? 页，耗时 15s）
2026-05-09 10:12:47 [DEBUG] 批次 12ea1cff-8cc2-4372-bd67-68c0de65fa80 处理中...（?/? 页，耗时 31s）
2026-05-09 10:13:03 [DEBUG] 批次 12ea1cff-8cc2-4372-bd67-68c0de65fa80 处理中...（?/? 页，耗时 46s）
2026-05-09 10:13:18 [DEBUG] 批次 12ea1cff-8cc2-4372-bd67-68c0de65fa80 处理中...（?/? 页，耗时 62s）
2026-05-09 10:13:34 [DEBUG] 批次 12ea1cff-8cc2-4372-bd67-68c0de65fa80 处理中...（?/? 页，耗时 77s）
2026-05-09 10:13:49 [DEBUG] 批次 12ea1cff-8cc2-4372-bd67-68c0de65fa80 处理中...（?/? 页，耗时 93s）
2026-05-09 10:14:05 [DEBUG] 批次 12ea1cff-8cc2-4372-bd67-68c0de65fa80 处理中...（?/? 页，耗时 108s）
2026-05-09 10:14:20 [DEBUG] 批次 12ea1cff-8cc2-4372-bd67-68c0de65fa80 处理中...（?/? 页，耗时 124s）
2026-05-09 10:14:36 [DEBUG] 批次 12ea1cff-8cc2-4372-bd67-68c0de65fa80 处理中...（?/? 页，耗时 139s）
2026-05-09 10:14:51 [DEBUG] 批次 12ea1cff-8cc2-4372-bd67-68c0de65fa80 处理中...（?/? 页，耗时 155s）
2026-05-09 10:15:07 [DEBUG] 批次 12ea1cff-8cc2-4372-bd67-68c0de65fa80 处理中...（?/? 页，耗时 170s）
2026-05-09 10:15:22 [DEBUG] 批次 12ea1cff-8cc2-4372-bd67-68c0de65fa80 处理中...（?/? 页，耗时 186s）
2026-05-09 10:15:38 [DEBUG] 批次 12ea1cff-8cc2-4372-bd67-68c0de65fa80 处理中...（?/? 页，耗时 201s）
2026-05-09 10:15:53 [DEBUG] 批次 12ea1cff-8cc2-4372-bd67-68c0de65fa80 处理中...（?/? 页，耗时 217s）
2026-05-09 10:16:09 [DEBUG] 批次 12ea1cff-8cc2-4372-bd67-68c0de65fa80 处理中...（?/? 页，耗时 232s）
2026-05-09 10:16:24 [DEBUG] 批次 12ea1cff-8cc2-4372-bd67-68c0de65fa80 处理中...（?/? 页，耗时 247s）
2026-05-09 10:16:40 [DEBUG] 批次 12ea1cff-8cc2-4372-bd67-68c0de65fa80 处理中...（?/? 页，耗时 263s）
2026-05-09 10:16:55 [DEBUG] 批次 12ea1cff-8cc2-4372-bd67-68c0de65fa80 处理中...（?/? 页，耗时 278s）
2026-05-09 10:17:11 [DEBUG] 批次 12ea1cff-8cc2-4372-bd67-68c0de65fa80 处理中...（?/? 页，耗时 294s）
2026-05-09 10:17:26 [ERROR] 批次 12ea1cff-8cc2-4372-bd67-68c0de65fa80 超时（超过 300 秒）
2026-05-09 10:17:26 [WARNING] 文件 input\协同办公系统卡顿现象分析报告-2023年2月10日.docx 转换失败，跳过
2026-05-09 10:17:26 [INFO] MinerU 处理第 5-6 个文件（模式：precision）
2026-05-09 10:17:26 [INFO] 上传文件进行 precision 模式转换：input\排查情况.docx
2026-05-09 10:17:26 [INFO] 申请上传 URL：排查情况.docx
2026-05-09 10:17:26 [INFO] 上传文件：排查情况.docx
2026-05-09 10:17:27 [INFO] 文件上传成功：排查情况.docx
2026-05-09 10:17:27 [INFO] 批次 21f229e8-949c-4781-bea5-a6e8dafce4de 已提交，开始轮询状态...
2026-05-09 10:17:27 [DEBUG] 批次 21f229e8-949c-4781-bea5-a6e8dafce4de 处理中...（?/? 页，耗时 0s）
2026-05-09 10:17:43 [DEBUG] 批次 21f229e8-949c-4781-bea5-a6e8dafce4de 处理中...（?/? 页，耗时 15s）
2026-05-09 10:17:58 [DEBUG] 批次 21f229e8-949c-4781-bea5-a6e8dafce4de 处理中...（?/? 页，耗时 31s）
2026-05-09 10:18:14 [DEBUG] 批次 21f229e8-949c-4781-bea5-a6e8dafce4de 处理中...（?/? 页，耗时 46s）
2026-05-09 10:18:29 [DEBUG] 批次 21f229e8-949c-4781-bea5-a6e8dafce4de 处理中...（?/? 页，耗时 62s）
2026-05-09 10:18:45 [DEBUG] 批次 21f229e8-949c-4781-bea5-a6e8dafce4de 处理中...（?/? 页，耗时 77s）
2026-05-09 10:19:00 [DEBUG] 批次 21f229e8-949c-4781-bea5-a6e8dafce4de 处理中...（?/? 页，耗时 93s）
2026-05-09 10:19:16 [DEBUG] 批次 21f229e8-949c-4781-bea5-a6e8dafce4de 处理中...（?/? 页，耗时 108s）
2026-05-09 10:19:31 [DEBUG] 批次 21f229e8-949c-4781-bea5-a6e8dafce4de 处理中...（?/? 页，耗时 124s）
2026-05-09 10:19:47 [DEBUG] 批次 21f229e8-949c-4781-bea5-a6e8dafce4de 处理中...（?/? 页，耗时 139s）
2026-05-09 10:20:02 [DEBUG] 批次 21f229e8-949c-4781-bea5-a6e8dafce4de 处理中...（?/? 页，耗时 155s）
2026-05-09 10:20:18 [DEBUG] 批次 21f229e8-949c-4781-bea5-a6e8dafce4de 处理中...（?/? 页，耗时 170s）
2026-05-09 10:20:33 [DEBUG] 批次 21f229e8-949c-4781-bea5-a6e8dafce4de 处理中...（?/? 页，耗时 186s）
2026-05-09 10:20:49 [DEBUG] 批次 21f229e8-949c-4781-bea5-a6e8dafce4de 处理中...（?/? 页，耗时 201s）
2026-05-09 10:21:04 [DEBUG] 批次 21f229e8-949c-4781-bea5-a6e8dafce4de 处理中...（?/? 页，耗时 216s）
2026-05-09 10:21:19 [DEBUG] 批次 21f229e8-949c-4781-bea5-a6e8dafce4de 处理中...（?/? 页，耗时 232s）
2026-05-09 10:21:35 [DEBUG] 批次 21f229e8-949c-4781-bea5-a6e8dafce4de 处理中...（?/? 页，耗时 248s）
2026-05-09 10:21:51 [DEBUG] 批次 21f229e8-949c-4781-bea5-a6e8dafce4de 处理中...（?/? 页，耗时 263s）
2026-05-09 10:22:06 [DEBUG] 批次 21f229e8-949c-4781-bea5-a6e8dafce4de 处理中...（?/? 页，耗时 279s）
2026-05-09 10:22:22 [DEBUG] 批次 21f229e8-949c-4781-bea5-a6e8dafce4de 处理中...（?/? 页，耗时 294s）
2026-05-09 10:22:37 [ERROR] 批次 21f229e8-949c-4781-bea5-a6e8dafce4de 超时（超过 300 秒）
2026-05-09 10:22:37 [WARNING] 文件 input\排查情况.docx 转换失败，跳过
2026-05-09 10:22:37 [INFO] 上传文件进行 precision 模式转换：input\生产事件复盘报告-（IN20230220000026）优理宝移动终端浙江区域少量客户登录异常(1).docx
2026-05-09 10:22:37 [INFO] 申请上传 URL：生产事件复盘报告-（IN20230220000026）优理宝移动终端浙江区域少量客户登录异常(1).docx
2026-05-09 10:22:37 [INFO] 上传文件：生产事件复盘报告-（IN20230220000026）优理宝移动终端浙江区域少量客户登录异常(1).docx
2026-05-09 10:22:38 [INFO] 文件上传成功：生产事件复盘报告-（IN20230220000026）优理宝移动终端浙江区域少量客户登录异常(1).docx
2026-05-09 10:22:38 [INFO] 批次 5af8bf5b-5250-4658-bb40-b2f6767d6dea 已提交，开始轮询状态...
2026-05-09 10:22:38 [DEBUG] 批次 5af8bf5b-5250-4658-bb40-b2f6767d6dea 处理中...（?/? 页，耗时 0s）
2026-05-09 10:22:54 [DEBUG] 批次 5af8bf5b-5250-4658-bb40-b2f6767d6dea 处理中...（?/? 页，耗时 15s）
2026-05-09 10:23:09 [DEBUG] 批次 5af8bf5b-5250-4658-bb40-b2f6767d6dea 处理中...（?/? 页，耗时 31s）
2026-05-09 10:23:25 [DEBUG] 批次 5af8bf5b-5250-4658-bb40-b2f6767d6dea 处理中...（?/? 页，耗时 46s）
2026-05-09 10:23:40 [DEBUG] 批次 5af8bf5b-5250-4658-bb40-b2f6767d6dea 处理中...（?/? 页，耗时 62s）
2026-05-09 10:23:55 [DEBUG] 批次 5af8bf5b-5250-4658-bb40-b2f6767d6dea 处理中...（?/? 页，耗时 77s）
2026-05-09 10:24:11 [DEBUG] 批次 5af8bf5b-5250-4658-bb40-b2f6767d6dea 处理中...（?/? 页，耗时 93s）
2026-05-09 10:24:26 [DEBUG] 批次 5af8bf5b-5250-4658-bb40-b2f6767d6dea 处理中...（?/? 页，耗时 108s）
2026-05-09 10:24:42 [DEBUG] 批次 5af8bf5b-5250-4658-bb40-b2f6767d6dea 处理中...（?/? 页，耗时 124s）
2026-05-09 10:24:57 [DEBUG] 批次 5af8bf5b-5250-4658-bb40-b2f6767d6dea 处理中...（?/? 页，耗时 139s）
2026-05-09 10:25:13 [DEBUG] 批次 5af8bf5b-5250-4658-bb40-b2f6767d6dea 处理中...（?/? 页，耗时 155s）
2026-05-09 10:25:28 [DEBUG] 批次 5af8bf5b-5250-4658-bb40-b2f6767d6dea 处理中...（?/? 页，耗时 170s）
2026-05-09 10:25:44 [DEBUG] 批次 5af8bf5b-5250-4658-bb40-b2f6767d6dea 处理中...（?/? 页，耗时 186s）
2026-05-09 10:26:00 [DEBUG] 批次 5af8bf5b-5250-4658-bb40-b2f6767d6dea 处理中...（?/? 页，耗时 201s）
2026-05-09 10:26:15 [DEBUG] 批次 5af8bf5b-5250-4658-bb40-b2f6767d6dea 处理中...（?/? 页，耗时 217s）
2026-05-09 10:26:31 [DEBUG] 批次 5af8bf5b-5250-4658-bb40-b2f6767d6dea 处理中...（?/? 页，耗时 232s）
2026-05-09 10:26:46 [DEBUG] 批次 5af8bf5b-5250-4658-bb40-b2f6767d6dea 处理中...（?/? 页，耗时 248s）
2026-05-09 10:27:02 [DEBUG] 批次 5af8bf5b-5250-4658-bb40-b2f6767d6dea 处理中...（?/? 页，耗时 263s）
2026-05-09 10:27:17 [DEBUG] 批次 5af8bf5b-5250-4658-bb40-b2f6767d6dea 处理中...（?/? 页，耗时 279s）
2026-05-09 10:27:33 [DEBUG] 批次 5af8bf5b-5250-4658-bb40-b2f6767d6dea 处理中...（?/? 页，耗时 294s）
2026-05-09 10:27:48 [ERROR] 批次 5af8bf5b-5250-4658-bb40-b2f6767d6dea 超时（超过 300 秒）
2026-05-09 10:27:48 [WARNING] 文件 input\生产事件复盘报告-（IN20230220000026）优理宝移动终端浙江区域少量客户登录异常(1).docx 转换失败，跳过
2026-05-09 10:27:48 [INFO] MinerU 处理第 7-7 个文件（模式：precision）
2026-05-09 10:27:48 [INFO] 上传文件进行 precision 模式转换：input\生产事件复盘报告-（IN20240729000016）同余数据报送异常.docx
2026-05-09 10:27:48 [INFO] 申请上传 URL：生产事件复盘报告-（IN20240729000016）同余数据报送异常.docx
2026-05-09 10:27:48 [INFO] 上传文件：生产事件复盘报告-（IN20240729000016）同余数据报送异常.docx
2026-05-09 10:27:49 [INFO] 文件上传成功：生产事件复盘报告-（IN20240729000016）同余数据报送异常.docx
2026-05-09 10:27:49 [INFO] 批次 97344e6d-f15e-4623-8690-540984b592e2 已提交，开始轮询状态...
2026-05-09 10:27:49 [DEBUG] 批次 97344e6d-f15e-4623-8690-540984b592e2 处理中...（?/? 页，耗时 0s）
