2026-05-10 23:42:21 [INFO] 日志文件：C:\AI\data_cleaning\log\clean_20260510_234221.log
2026-05-10 23:42:21 [INFO] ============================================================
2026-05-10 23:42:21 [INFO] 文档清洗工具启动
2026-05-10 23:42:21 [INFO] 输入目录：input
2026-05-10 23:42:21 [INFO] 输出目录：output
2026-05-10 23:42:21 [INFO] MinerU 模式：precision
2026-05-10 23:42:21 [INFO] 批次大小：2
2026-05-10 23:42:21 [INFO] 配置文件：config.yaml
2026-05-10 23:42:21 [INFO] ============================================================
2026-05-10 23:42:21 [INFO] 未发现 Markdown 文件
2026-05-10 23:42:21 [INFO] 发现 1 个 Excel 文件，开始转换...
2026-05-10 23:42:21 [INFO] 处理第 1-1 个 Excel 文件
2026-05-10 23:42:21 [INFO] 转换 Excel：input\问题排查登记表 (2).xlsx
2026-05-10 23:42:22 [INFO] 开始清洗：input\问题排查登记表 (2).xlsx
2026-05-10 23:42:22 [INFO]   [EncodingProcessor] 处理完成（0.04s）
2026-05-10 23:42:22 [INFO]   [DenoiseProcessor] 处理完成（0.00s）
2026-05-10 23:42:22 [INFO]   [TableProcessor] 处理完成（0.00s）
2026-05-10 23:42:22 [INFO]   [ErrorProcessor] 处理完成（0.00s）
2026-05-10 23:42:22 [INFO]   [DedupProcessor] 处理完成（0.00s）
2026-05-10 23:42:22 [INFO]   [FormatStandardizationProcessor] 处理完成（0.00s）
2026-05-10 23:42:22 [INFO] 完成：问题排查登记表 (2).xlsx -> 问题排查登记表 (2).md
2026-05-10 23:42:22 [INFO] Excel 文件处理完成：1/1 个成功
2026-05-10 23:42:22 [INFO] 发现 3 个非 Markdown 文件，开始转换（回退策略：precision 模式 → Agent 轻量模式 → 本地转换）...
2026-05-10 23:42:22 [INFO] MinerU 处理第 1-2 个文件（模式：precision）
2026-05-10 23:42:22 [INFO] 上传文件进行 precision 模式转换：input\兴业证券redo卷时延增高问题分析报告.pdf
2026-05-10 23:42:22 [INFO] 申请上传 URL：兴业证券redo卷时延增高问题分析报告.pdf
2026-05-10 23:42:22 [INFO] 上传文件：兴业证券redo卷时延增高问题分析报告.pdf
2026-05-10 23:42:23 [INFO] 文件上传成功：兴业证券redo卷时延增高问题分析报告.pdf
2026-05-10 23:42:23 [INFO] 批次 0658618e-d384-4737-a7fe-caff30a8d158 已提交，开始轮询状态...
2026-05-10 23:42:24 [DEBUG] 批次 0658618e-d384-4737-a7fe-caff30a8d158 处理中...（状态：waiting-file，耗时 0s）
2026-05-10 23:42:39 [INFO] 批次 0658618e-d384-4737-a7fe-caff30a8d158 已完成
2026-05-10 23:42:39 [INFO] 下载转换结果：https://cdn-mineru.openxlab.org.cn/pdf/2026-05-09/516d38af-f271-48d0-a0c5-e79e68d5d944.zip
2026-05-10 23:42:40 [INFO] 清洗转换结果：input\兴业证券redo卷时延增高问题分析报告.pdf
2026-05-10 23:42:40 [INFO]   [EncodingProcessor] 处理完成（0.01s）
2026-05-10 23:42:40 [INFO]   [DenoiseProcessor] 处理完成（0.00s）
2026-05-10 23:42:40 [INFO]   [TableProcessor] 处理完成（0.00s）
2026-05-10 23:42:40 [INFO]   [ErrorProcessor] 处理完成（0.00s）
2026-05-10 23:42:40 [INFO]   [DedupProcessor] 处理完成（0.00s）
2026-05-10 23:42:40 [INFO]   [FormatStandardizationProcessor] 处理完成（0.00s）
2026-05-10 23:42:40 [INFO] 章节识别完成：共 24 个章节（Markdown 标题 14，数字编号 10）
2026-05-10 23:43:27 [INFO]   [SegmentIntroProcessor] 处理完成（46.50s）
2026-05-10 23:43:27 [INFO] 完成：兴业证券redo卷时延增高问题分析报告.pdf -> 兴业证券redo卷时延增高问题分析报告.md
2026-05-10 23:43:27 [INFO] 上传文件进行 precision 模式转换：input\生产事件复盘报告-（IN20230220000026）优理宝移动终端浙江区域少量客户登录异常(1).docx
2026-05-10 23:43:27 [INFO] 申请上传 URL：生产事件复盘报告-（IN20230220000026）优理宝移动终端浙江区域少量客户登录异常(1).docx
2026-05-10 23:43:27 [INFO] 上传文件：生产事件复盘报告-（IN20230220000026）优理宝移动终端浙江区域少量客户登录异常(1).docx
2026-05-10 23:43:28 [INFO] 文件上传成功：生产事件复盘报告-（IN20230220000026）优理宝移动终端浙江区域少量客户登录异常(1).docx
2026-05-10 23:43:28 [INFO] 批次 b75c6506-42f9-4ff5-999a-7a4e78aa93fe 已提交，开始轮询状态...
2026-05-10 23:43:28 [DEBUG] 批次 b75c6506-42f9-4ff5-999a-7a4e78aa93fe 处理中...（状态：pending，耗时 0s）
2026-05-10 23:43:43 [INFO] 批次 b75c6506-42f9-4ff5-999a-7a4e78aa93fe 已完成
2026-05-10 23:43:43 [INFO] 下载转换结果：https://cdn-mineru.openxlab.org.cn/pdf/2026-05-10/81e417e6-7179-4cf8-812c-f8f9b5013837.zip
2026-05-10 23:43:44 [INFO] 清洗转换结果：input\生产事件复盘报告-（IN20230220000026）优理宝移动终端浙江区域少量客户登录异常(1).docx
2026-05-10 23:43:44 [INFO]   [EncodingProcessor] 处理完成（0.00s）
2026-05-10 23:43:44 [INFO]   [DenoiseProcessor] 处理完成（0.00s）
2026-05-10 23:43:44 [INFO]   [TableProcessor] 处理完成（0.00s）
2026-05-10 23:43:44 [INFO]   [ErrorProcessor] 处理完成（0.00s）
2026-05-10 23:43:44 [INFO]   [DedupProcessor] 处理完成（0.00s）
2026-05-10 23:43:44 [INFO]   [FormatStandardizationProcessor] 处理完成（0.00s）
2026-05-10 23:43:44 [INFO] 章节识别完成：共 11 个章节（Markdown 标题 11，数字编号 0）
2026-05-10 23:44:17 [INFO]   [SegmentIntroProcessor] 处理完成（32.97s）
2026-05-10 23:44:17 [INFO] 完成：生产事件复盘报告-（IN20230220000026）优理宝移动终端浙江区域少量客户登录异常(1).docx -> 生产事件复盘报告-（IN20230220000026）优理宝移动终端浙江区域少量客户登录异常(1).md
2026-05-10 23:44:17 [INFO] MinerU 处理第 3-3 个文件（模式：precision）
2026-05-10 23:44:17 [INFO] 上传文件进行 precision 模式转换：input\生产事件复盘报告-（IN20240729000016）同余数据报送异常.docx
2026-05-10 23:44:17 [INFO] 申请上传 URL：生产事件复盘报告-（IN20240729000016）同余数据报送异常.docx
2026-05-10 23:44:17 [INFO] 上传文件：生产事件复盘报告-（IN20240729000016）同余数据报送异常.docx
2026-05-10 23:44:18 [INFO] 文件上传成功：生产事件复盘报告-（IN20240729000016）同余数据报送异常.docx
2026-05-10 23:44:18 [INFO] 批次 5e532594-2780-470d-b30b-e7634668347a 已提交，开始轮询状态...
2026-05-10 23:44:18 [DEBUG] 批次 5e532594-2780-470d-b30b-e7634668347a 处理中...（状态：waiting-file，耗时 0s）
2026-05-10 23:44:34 [INFO] 批次 5e532594-2780-470d-b30b-e7634668347a 已完成
2026-05-10 23:44:34 [INFO] 下载转换结果：https://cdn-mineru.openxlab.org.cn/pdf/2026-05-10/dbf50710-3010-4100-a90f-87983bf1d746.zip
2026-05-10 23:44:35 [INFO] 清洗转换结果：input\生产事件复盘报告-（IN20240729000016）同余数据报送异常.docx
2026-05-10 23:44:35 [INFO]   [EncodingProcessor] 处理完成（0.01s）
2026-05-10 23:44:35 [INFO]   [DenoiseProcessor] 处理完成（0.00s）
2026-05-10 23:44:35 [INFO]   [TableProcessor] 处理完成（0.00s）
2026-05-10 23:44:35 [INFO]   [ErrorProcessor] 处理完成（0.00s）
2026-05-10 23:44:35 [INFO]   [DedupProcessor] 处理完成（0.00s）
2026-05-10 23:44:35 [INFO]   [FormatStandardizationProcessor] 处理完成（0.00s）
2026-05-10 23:44:35 [INFO] 章节识别完成：共 14 个章节（Markdown 标题 14，数字编号 0）
2026-05-10 23:45:11 [INFO]   [SegmentIntroProcessor] 处理完成（36.22s）
2026-05-10 23:45:11 [INFO] 完成：生产事件复盘报告-（IN20240729000016）同余数据报送异常.docx -> 生产事件复盘报告-（IN20240729000016）同余数据报送异常.md
2026-05-10 23:45:12 [INFO] MinerU 转换完成：3/3 个成功
2026-05-10 23:45:12 [INFO] ============================================================
2026-05-10 23:45:12 [INFO] 所有文件处理完成！输出目录：output
2026-05-10 23:45:12 [INFO] ============================================================
