2026-05-10 21:26:12 [INFO] 日志文件：C:\AI\data_cleaning\log\clean_20260510_212612.log
2026-05-10 21:26:12 [INFO] ============================================================
2026-05-10 21:26:12 [INFO] 文档清洗工具启动
2026-05-10 21:26:12 [INFO] 输入目录：.\input
2026-05-10 21:26:12 [INFO] 输出目录：.\output
2026-05-10 21:26:12 [INFO] MinerU 模式：agent
2026-05-10 21:26:12 [INFO] 批次大小：2
2026-05-10 21:26:12 [INFO] 配置文件：.\config.yaml
2026-05-10 21:26:12 [INFO] ============================================================
2026-05-10 21:26:12 [INFO] 未发现 Markdown 文件
2026-05-10 21:26:12 [INFO] 发现 1 个 Excel 文件，开始转换...
2026-05-10 21:26:12 [INFO] 处理第 1-1 个 Excel 文件
2026-05-10 21:26:12 [INFO] 转换 Excel：.\input\问题排查登记表 (2).xlsx
2026-05-10 21:26:12 [INFO] 开始清洗：.\input\问题排查登记表 (2).xlsx
2026-05-10 21:26:12 [INFO]   [EncodingProcessor] 处理完成（0.03s）
2026-05-10 21:26:12 [INFO]   [DenoiseProcessor] 处理完成（0.00s）
2026-05-10 21:26:12 [INFO]   [TableProcessor] 处理完成（0.00s）
2026-05-10 21:26:12 [INFO]   [ErrorProcessor] 处理完成（0.00s）
2026-05-10 21:26:12 [INFO]   [DedupProcessor] 处理完成（0.00s）
2026-05-10 21:26:12 [INFO]   [FormatStandardizationProcessor] 处理完成（0.00s）
2026-05-10 21:26:12 [INFO] 完成：问题排查登记表 (2).xlsx -> 问题排查登记表 (2).md
2026-05-10 21:26:12 [INFO] Excel 文件处理完成：1/1 个成功
2026-05-10 21:26:12 [INFO] 发现 3 个非 Markdown 文件，开始转换（回退策略：agent 模式 → 本地转换）...
2026-05-10 21:26:12 [INFO] agent（轻量）模式：一次只能解析一个文件，强制批次大小为 1
2026-05-10 21:26:12 [INFO] MinerU 处理第 1-1 个文件（模式：agent）
2026-05-10 21:26:12 [INFO] 上传文件进行 agent 模式转换：.\input\兴业证券redo卷时延增高问题分析报告.pdf
2026-05-10 21:26:12 [WARNING] PDF 页数 21 超过 Agent 模式限制（20 页），跳过：兴业证券redo卷时延增高问题分析报告.pdf
2026-05-10 21:26:12 [INFO] MinerU 所有模式均失败，回退到本地转换 (.pdf)：.\input\兴业证券redo卷时延增高问题分析报告.pdf
2026-05-10 21:26:15 [INFO] 本地转换成功 (.pdf)：.\input\兴业证券redo卷时延增高问题分析报告.pdf
2026-05-10 21:26:15 [INFO] 清洗转换结果：.\input\兴业证券redo卷时延增高问题分析报告.pdf
2026-05-10 21:26:15 [INFO]   [EncodingProcessor] 处理完成（0.01s）
2026-05-10 21:26:15 [INFO]   [DenoiseProcessor] 处理完成（0.00s）
2026-05-10 21:26:15 [INFO]   [TableProcessor] 处理完成（0.00s）
2026-05-10 21:26:15 [INFO]   [ErrorProcessor] 处理完成（0.00s）
2026-05-10 21:26:15 [INFO]   [DedupProcessor] 处理完成（0.00s）
2026-05-10 21:26:15 [INFO]   [FormatStandardizationProcessor] 处理完成（0.00s）
2026-05-10 21:26:15 [INFO]   [SegmentIntroProcessor] 处理完成（0.00s）
2026-05-10 21:26:15 [INFO] 完成：兴业证券redo卷时延增高问题分析报告.pdf -> 兴业证券redo卷时延增高问题分析报告.md
2026-05-10 21:26:15 [INFO] MinerU 处理第 2-2 个文件（模式：agent）
2026-05-10 21:26:15 [INFO] 上传文件进行 agent 模式转换：.\input\生产事件复盘报告-（IN20230220000026）优理宝移动终端浙江区域少量客户登录异常(1).docx
2026-05-10 21:26:15 [INFO] Agent 模式提交文件：生产事件复盘报告-（IN20230220000026）优理宝移动终端浙江区域少量客户登录异常(1).docx
2026-05-10 21:26:15 [INFO] Agent 任务已提交：9b2eca0e-7848-4556-b11a-8f24619b8b4d07
2026-05-10 21:26:15 [INFO] 上传文件：生产事件复盘报告-（IN20230220000026）优理宝移动终端浙江区域少量客户登录异常(1).docx
2026-05-10 21:26:16 [INFO] 文件上传成功：生产事件复盘报告-（IN20230220000026）优理宝移动终端浙江区域少量客户登录异常(1).docx
2026-05-10 21:26:16 [INFO] Agent 任务 9b2eca0e-7848-4556-b11a-8f24619b8b4d07 已提交，开始轮询状态...
2026-05-10 21:26:16 [DEBUG] Agent 任务 9b2eca0e-7848-4556-b11a-8f24619b8b4d07 处理中...（状态：waiting-file，耗时 0s）
2026-05-10 21:26:31 [INFO] Agent 任务 9b2eca0e-7848-4556-b11a-8f24619b8b4d07 已完成
2026-05-10 21:26:31 [INFO] 下载 Markdown：https://cdn-mineru.openxlab.org.cn/pdf/2026-05-10/63ac5e62-5d0f-414f-bf51-74a23e5cbce6/full.md
2026-05-10 21:26:32 [INFO] 清洗转换结果：.\input\生产事件复盘报告-（IN20230220000026）优理宝移动终端浙江区域少量客户登录异常(1).docx
2026-05-10 21:26:32 [INFO]   [EncodingProcessor] 处理完成（0.00s）
2026-05-10 21:26:32 [INFO]   [DenoiseProcessor] 处理完成（0.00s）
2026-05-10 21:26:32 [INFO]   [TableProcessor] 处理完成（0.00s）
2026-05-10 21:26:32 [INFO]   [ErrorProcessor] 处理完成（0.00s）
2026-05-10 21:26:32 [INFO]   [DedupProcessor] 处理完成（0.00s）
2026-05-10 21:26:32 [INFO]   [FormatStandardizationProcessor] 处理完成（0.00s）
2026-05-10 21:27:06 [INFO]   [SegmentIntroProcessor] 处理完成（33.84s）
2026-05-10 21:27:06 [INFO] 完成：生产事件复盘报告-（IN20230220000026）优理宝移动终端浙江区域少量客户登录异常(1).docx -> 生产事件复盘报告-（IN20230220000026）优理宝移动终端浙江区域少量客户登录异常(1).md
2026-05-10 21:27:06 [INFO] MinerU 处理第 3-3 个文件（模式：agent）
2026-05-10 21:27:06 [INFO] 上传文件进行 agent 模式转换：.\input\生产事件复盘报告-（IN20240729000016）同余数据报送异常.docx
2026-05-10 21:27:06 [INFO] Agent 模式提交文件：生产事件复盘报告-（IN20240729000016）同余数据报送异常.docx
2026-05-10 21:27:06 [INFO] Agent 任务已提交：3f890759-120b-403c-9bc4-1faa2b4a434107
2026-05-10 21:27:06 [INFO] 上传文件：生产事件复盘报告-（IN20240729000016）同余数据报送异常.docx
2026-05-10 21:27:07 [INFO] 文件上传成功：生产事件复盘报告-（IN20240729000016）同余数据报送异常.docx
2026-05-10 21:27:07 [INFO] Agent 任务 3f890759-120b-403c-9bc4-1faa2b4a434107 已提交，开始轮询状态...
2026-05-10 21:27:07 [DEBUG] Agent 任务 3f890759-120b-403c-9bc4-1faa2b4a434107 处理中...（状态：waiting-file，耗时 0s）
2026-05-10 21:27:22 [INFO] Agent 任务 3f890759-120b-403c-9bc4-1faa2b4a434107 已完成
2026-05-10 21:27:22 [INFO] 下载 Markdown：https://cdn-mineru.openxlab.org.cn/pdf/2026-05-10/891b715c-f53d-4f13-8b0b-01cb5b7cd504/full.md
2026-05-10 21:27:23 [INFO] 清洗转换结果：.\input\生产事件复盘报告-（IN20240729000016）同余数据报送异常.docx
2026-05-10 21:27:23 [INFO]   [EncodingProcessor] 处理完成（0.00s）
2026-05-10 21:27:23 [INFO]   [DenoiseProcessor] 处理完成（0.00s）
2026-05-10 21:27:23 [INFO]   [TableProcessor] 处理完成（0.00s）
2026-05-10 21:27:23 [INFO]   [ErrorProcessor] 处理完成（0.00s）
2026-05-10 21:27:23 [INFO]   [DedupProcessor] 处理完成（0.00s）
2026-05-10 21:27:23 [INFO]   [FormatStandardizationProcessor] 处理完成（0.00s）
2026-05-10 21:27:56 [INFO]   [SegmentIntroProcessor] 处理完成（32.76s）
2026-05-10 21:27:56 [INFO] 完成：生产事件复盘报告-（IN20240729000016）同余数据报送异常.docx -> 生产事件复盘报告-（IN20240729000016）同余数据报送异常.md
2026-05-10 21:27:56 [INFO] MinerU 转换完成：3/3 个成功
2026-05-10 21:27:56 [INFO] ============================================================
2026-05-10 21:27:56 [INFO] 所有文件处理完成！输出目录：.\output
2026-05-10 21:27:56 [INFO] ============================================================
