2026-05-11 00:05:38 [INFO] 日志文件：C:\AI\data_cleaning\log\clean_20260511_000538.log
2026-05-11 00:05:38 [INFO] ============================================================
2026-05-11 00:05:38 [INFO] 文档清洗工具启动
2026-05-11 00:05:38 [INFO] 输入目录：.\input
2026-05-11 00:05:38 [INFO] 输出目录：.\output
2026-05-11 00:05:38 [INFO] MinerU 模式：precision
2026-05-11 00:05:38 [INFO] 批次大小：2
2026-05-11 00:05:38 [INFO] 配置文件：.\config.yaml
2026-05-11 00:05:38 [INFO] ============================================================
2026-05-11 00:05:38 [INFO] 未发现 Markdown 文件
2026-05-11 00:05:38 [INFO] 发现 1 个 Excel 文件，开始转换...
2026-05-11 00:05:38 [INFO] 处理第 1-1 个 Excel 文件
2026-05-11 00:05:38 [INFO] 转换 Excel：.\input\问题排查登记表 (2).xlsx
2026-05-11 00:05:38 [INFO] 开始清洗：.\input\问题排查登记表 (2).xlsx
2026-05-11 00:05:38 [INFO]   [EncodingProcessor] 处理完成（0.03s）
2026-05-11 00:05:38 [INFO]   [DenoiseProcessor] 处理完成（0.00s）
2026-05-11 00:05:38 [INFO]   [TableProcessor] 处理完成（0.00s）
2026-05-11 00:05:38 [INFO]   [ErrorProcessor] 处理完成（0.00s）
2026-05-11 00:05:38 [INFO]   [DedupProcessor] 处理完成（0.00s）
2026-05-11 00:05:38 [INFO]   [FormatStandardizationProcessor] 处理完成（0.00s）
2026-05-11 00:05:38 [INFO] 完成：问题排查登记表 (2).xlsx -> 问题排查登记表 (2).md
2026-05-11 00:05:38 [INFO] Excel 文件处理完成：1/1 个成功
2026-05-11 00:05:38 [INFO] 发现 3 个非 Markdown 文件，开始转换（回退策略：precision 模式 → Agent 轻量模式 → 本地转换）...
2026-05-11 00:05:38 [INFO] MinerU 处理第 1-2 个文件（模式：precision）
2026-05-11 00:05:38 [INFO] 上传文件进行 precision 模式转换：.\input\兴业证券redo卷时延增高问题分析报告.pdf
2026-05-11 00:05:38 [INFO] 申请上传 URL：兴业证券redo卷时延增高问题分析报告.pdf
2026-05-11 00:05:39 [INFO] 上传文件：兴业证券redo卷时延增高问题分析报告.pdf
2026-05-11 00:05:40 [INFO] 文件上传成功：兴业证券redo卷时延增高问题分析报告.pdf
2026-05-11 00:05:40 [INFO] 批次 21b3e8a7-3ec8-4d5a-98b0-c9eda953d78a 已提交，开始轮询状态...
2026-05-11 00:05:41 [DEBUG] 批次 21b3e8a7-3ec8-4d5a-98b0-c9eda953d78a 处理中...（状态：waiting-file，耗时 0s）
2026-05-11 00:05:56 [INFO] 批次 21b3e8a7-3ec8-4d5a-98b0-c9eda953d78a 已完成
2026-05-11 00:05:56 [INFO] 下载转换结果：https://cdn-mineru.openxlab.org.cn/pdf/2026-05-09/516d38af-f271-48d0-a0c5-e79e68d5d944.zip
2026-05-11 00:05:57 [INFO] 清洗转换结果：.\input\兴业证券redo卷时延增高问题分析报告.pdf
2026-05-11 00:05:57 [INFO]   [EncodingProcessor] 处理完成（0.01s）
2026-05-11 00:05:57 [INFO]   [DenoiseProcessor] 处理完成（0.00s）
2026-05-11 00:05:57 [INFO]   [TableProcessor] 处理完成（0.00s）
2026-05-11 00:05:57 [INFO]   [ErrorProcessor] 处理完成（0.00s）
2026-05-11 00:05:57 [INFO]   [DedupProcessor] 处理完成（0.00s）
2026-05-11 00:05:57 [INFO]   [FormatStandardizationProcessor] 处理完成（0.00s）
2026-05-11 00:05:57 [INFO] 章节识别完成：共 24 个章节（Markdown 标题 14，数字编号 10）
2026-05-11 00:06:47 [INFO]   [SegmentIntroProcessor] 处理完成（49.63s）
2026-05-11 00:06:47 [INFO] 完成：兴业证券redo卷时延增高问题分析报告.pdf -> 兴业证券redo卷时延增高问题分析报告.md
2026-05-11 00:06:47 [INFO] 上传文件进行 precision 模式转换：.\input\生产事件复盘报告-（IN20230220000026）优理宝移动终端浙江区域少量客户登录异常(1).docx
2026-05-11 00:06:47 [INFO] 申请上传 URL：生产事件复盘报告-（IN20230220000026）优理宝移动终端浙江区域少量客户登录异常(1).docx
2026-05-11 00:06:47 [INFO] 上传文件：生产事件复盘报告-（IN20230220000026）优理宝移动终端浙江区域少量客户登录异常(1).docx
2026-05-11 00:06:48 [INFO] 文件上传成功：生产事件复盘报告-（IN20230220000026）优理宝移动终端浙江区域少量客户登录异常(1).docx
2026-05-11 00:06:48 [INFO] 批次 77aefe92-6a15-4024-ba61-05fd13614148 已提交，开始轮询状态...
2026-05-11 00:06:48 [DEBUG] 批次 77aefe92-6a15-4024-ba61-05fd13614148 处理中...（状态：pending，耗时 0s）
2026-05-11 00:07:04 [INFO] 批次 77aefe92-6a15-4024-ba61-05fd13614148 已完成
2026-05-11 00:07:04 [INFO] 下载转换结果：https://cdn-mineru.openxlab.org.cn/pdf/2026-05-11/3d43c155-cae6-4bc0-ac53-3610ada4168c.zip
2026-05-11 00:07:04 [INFO] 清洗转换结果：.\input\生产事件复盘报告-（IN20230220000026）优理宝移动终端浙江区域少量客户登录异常(1).docx
2026-05-11 00:07:04 [INFO]   [EncodingProcessor] 处理完成（0.00s）
2026-05-11 00:07:04 [INFO]   [DenoiseProcessor] 处理完成（0.00s）
2026-05-11 00:07:04 [INFO]   [TableProcessor] 处理完成（0.00s）
2026-05-11 00:07:04 [INFO]   [ErrorProcessor] 处理完成（0.00s）
2026-05-11 00:07:04 [INFO]   [DedupProcessor] 处理完成（0.00s）
2026-05-11 00:07:04 [INFO]   [FormatStandardizationProcessor] 处理完成（0.00s）
2026-05-11 00:07:04 [INFO] 章节识别完成：共 11 个章节（Markdown 标题 11，数字编号 0）
2026-05-11 00:07:44 [INFO]   [SegmentIntroProcessor] 处理完成（39.52s）
2026-05-11 00:07:44 [INFO] 完成：生产事件复盘报告-（IN20230220000026）优理宝移动终端浙江区域少量客户登录异常(1).docx -> 生产事件复盘报告-（IN20230220000026）优理宝移动终端浙江区域少量客户登录异常(1).md
2026-05-11 00:07:44 [INFO] MinerU 处理第 3-3 个文件（模式：precision）
2026-05-11 00:07:44 [INFO] 上传文件进行 precision 模式转换：.\input\生产事件复盘报告-（IN20240729000016）同余数据报送异常.docx
2026-05-11 00:07:44 [INFO] 申请上传 URL：生产事件复盘报告-（IN20240729000016）同余数据报送异常.docx
2026-05-11 00:07:44 [INFO] 上传文件：生产事件复盘报告-（IN20240729000016）同余数据报送异常.docx
2026-05-11 00:07:45 [INFO] 文件上传成功：生产事件复盘报告-（IN20240729000016）同余数据报送异常.docx
2026-05-11 00:07:45 [INFO] 批次 e559552a-101e-4dc5-b668-26362ad659c6 已提交，开始轮询状态...
2026-05-11 00:07:45 [DEBUG] 批次 e559552a-101e-4dc5-b668-26362ad659c6 处理中...（状态：pending，耗时 0s）
2026-05-11 00:08:01 [INFO] 批次 e559552a-101e-4dc5-b668-26362ad659c6 已完成
2026-05-11 00:08:01 [INFO] 下载转换结果：https://cdn-mineru.openxlab.org.cn/pdf/2026-05-11/38303f75-7887-4609-b9bf-8df09067c1a8.zip
2026-05-11 00:08:02 [INFO] 清洗转换结果：.\input\生产事件复盘报告-（IN20240729000016）同余数据报送异常.docx
2026-05-11 00:08:02 [INFO]   [EncodingProcessor] 处理完成（0.00s）
2026-05-11 00:08:02 [INFO]   [DenoiseProcessor] 处理完成（0.00s）
2026-05-11 00:08:02 [INFO]   [TableProcessor] 处理完成（0.00s）
2026-05-11 00:08:02 [INFO]   [ErrorProcessor] 处理完成（0.00s）
2026-05-11 00:08:02 [INFO]   [DedupProcessor] 处理完成（0.00s）
2026-05-11 00:08:02 [INFO]   [FormatStandardizationProcessor] 处理完成（0.00s）
2026-05-11 00:08:02 [INFO] 章节识别完成：共 14 个章节（Markdown 标题 14，数字编号 0）
2026-05-11 00:08:37 [INFO]   [SegmentIntroProcessor] 处理完成（35.17s）
2026-05-11 00:08:37 [INFO] 完成：生产事件复盘报告-（IN20240729000016）同余数据报送异常.docx -> 生产事件复盘报告-（IN20240729000016）同余数据报送异常.md
2026-05-11 00:08:37 [INFO] MinerU 转换完成：3/3 个成功
2026-05-11 00:08:37 [INFO] ============================================================
2026-05-11 00:08:37 [INFO] 所有文件处理完成！输出目录：.\output
2026-05-11 00:08:37 [INFO] ============================================================
