2026-05-09 10:39:49 [INFO] 日志文件：C:\AI\data_cleaning\log\clean_20260509_103949.log
2026-05-09 10:39:49 [INFO] ============================================================
2026-05-09 10:39:49 [INFO] 文档清洗工具启动
2026-05-09 10:39:49 [INFO] 输入目录：input
2026-05-09 10:39:49 [INFO] 输出目录：output
2026-05-09 10:39:49 [INFO] MinerU 模式：precision
2026-05-09 10:39:49 [INFO] 批次大小：2
2026-05-09 10:39:49 [INFO] 配置文件：config.yaml
2026-05-09 10:39:49 [INFO] ============================================================
2026-05-09 10:39:49 [INFO] 发现 1 个 Markdown 文件，开始处理...
2026-05-09 10:39:49 [INFO] 处理第 1-1 个文件（批次大小：2）
2026-05-09 10:39:49 [DEBUG] 读取文件：input\兴业证券redo卷时延增高问题分析报告-md.md
2026-05-09 10:39:49 [DEBUG] 开始清洗：input\兴业证券redo卷时延增高问题分析报告-md.md
2026-05-09 10:40:23 [INFO] 完成：兴业证券redo卷时延增高问题分析报告-md.md
2026-05-09 10:40:23 [INFO] Markdown 文件处理完成：1/1 个成功
2026-05-09 10:40:23 [INFO] 发现 1 个 Excel 文件，开始转换...
2026-05-09 10:40:23 [INFO] 处理第 1-1 个 Excel 文件
2026-05-09 10:40:23 [DEBUG] 转换 Excel：input\问题排查登记表 (2).xlsx
2026-05-09 10:40:23 [INFO] 完成：问题排查登记表 (2).xlsx -> 问题排查登记表 (2).md
2026-05-09 10:40:23 [INFO] Excel 文件处理完成：1/1 个成功
2026-05-09 10:40:23 [INFO] 发现 2 个非 Markdown 文件，开始转换（使用 MinerU precision 模式）...
2026-05-09 10:40:23 [INFO] MinerU 处理第 1-2 个文件（模式：precision）
2026-05-09 10:40:23 [INFO] 上传文件进行 precision 模式转换：input\20230426 - tadb1主机内存使用率分析报告.docx
2026-05-09 10:40:23 [INFO] 申请上传 URL：20230426 - tadb1主机内存使用率分析报告.docx
2026-05-09 10:40:24 [INFO] 上传文件：20230426 - tadb1主机内存使用率分析报告.docx
2026-05-09 10:40:24 [INFO] 文件上传成功：20230426 - tadb1主机内存使用率分析报告.docx
2026-05-09 10:40:24 [INFO] 批次 62862ee4-03d5-4165-9881-f47f5841be15 已提交，开始轮询状态...
2026-05-09 10:40:25 [DEBUG] 批次 62862ee4-03d5-4165-9881-f47f5841be15 处理中...（?/? 页，耗时 0s）
2026-05-09 10:40:40 [DEBUG] 批次 62862ee4-03d5-4165-9881-f47f5841be15 处理中...（?/? 页，耗时 15s）
2026-05-09 10:40:56 [DEBUG] 批次 62862ee4-03d5-4165-9881-f47f5841be15 处理中...（?/? 页，耗时 31s）
2026-05-09 10:41:11 [DEBUG] 批次 62862ee4-03d5-4165-9881-f47f5841be15 处理中...（?/? 页，耗时 46s）
2026-05-09 10:41:27 [DEBUG] 批次 62862ee4-03d5-4165-9881-f47f5841be15 处理中...（?/? 页，耗时 62s）
2026-05-09 10:41:42 [DEBUG] 批次 62862ee4-03d5-4165-9881-f47f5841be15 处理中...（?/? 页，耗时 77s）
2026-05-09 10:41:58 [DEBUG] 批次 62862ee4-03d5-4165-9881-f47f5841be15 处理中...（?/? 页，耗时 93s）
2026-05-09 10:42:13 [DEBUG] 批次 62862ee4-03d5-4165-9881-f47f5841be15 处理中...（?/? 页，耗时 108s）
2026-05-09 10:42:29 [DEBUG] 批次 62862ee4-03d5-4165-9881-f47f5841be15 处理中...（?/? 页，耗时 124s）
2026-05-09 10:42:44 [DEBUG] 批次 62862ee4-03d5-4165-9881-f47f5841be15 处理中...（?/? 页，耗时 139s）
2026-05-09 10:43:00 [DEBUG] 批次 62862ee4-03d5-4165-9881-f47f5841be15 处理中...（?/? 页，耗时 155s）
2026-05-09 10:43:15 [DEBUG] 批次 62862ee4-03d5-4165-9881-f47f5841be15 处理中...（?/? 页，耗时 170s）
2026-05-09 10:43:31 [DEBUG] 批次 62862ee4-03d5-4165-9881-f47f5841be15 处理中...（?/? 页，耗时 186s）
2026-05-09 10:43:46 [DEBUG] 批次 62862ee4-03d5-4165-9881-f47f5841be15 处理中...（?/? 页，耗时 201s）
2026-05-09 10:44:02 [DEBUG] 批次 62862ee4-03d5-4165-9881-f47f5841be15 处理中...（?/? 页，耗时 217s）
2026-05-09 10:44:17 [DEBUG] 批次 62862ee4-03d5-4165-9881-f47f5841be15 处理中...（?/? 页，耗时 232s）
2026-05-09 10:44:33 [DEBUG] 批次 62862ee4-03d5-4165-9881-f47f5841be15 处理中...（?/? 页，耗时 248s）
2026-05-09 10:44:48 [DEBUG] 批次 62862ee4-03d5-4165-9881-f47f5841be15 处理中...（?/? 页，耗时 263s）
2026-05-09 10:45:04 [DEBUG] 批次 62862ee4-03d5-4165-9881-f47f5841be15 处理中...（?/? 页，耗时 279s）
2026-05-09 10:45:19 [DEBUG] 批次 62862ee4-03d5-4165-9881-f47f5841be15 处理中...（?/? 页，耗时 294s）
2026-05-09 10:45:34 [ERROR] 批次 62862ee4-03d5-4165-9881-f47f5841be15 超时（超过 300 秒）
2026-05-09 10:45:34 [WARNING] 文件 input\20230426 - tadb1主机内存使用率分析报告.docx 转换失败，跳过
2026-05-09 10:45:34 [INFO] 上传文件进行 precision 模式转换：input\排查情况.docx
2026-05-09 10:45:34 [INFO] 申请上传 URL：排查情况.docx
2026-05-09 10:45:35 [INFO] 上传文件：排查情况.docx
2026-05-09 10:45:36 [INFO] 文件上传成功：排查情况.docx
2026-05-09 10:45:36 [INFO] 批次 2b80c703-6f6f-4321-b822-8797c651a4dd 已提交，开始轮询状态...
2026-05-09 10:45:36 [DEBUG] 批次 2b80c703-6f6f-4321-b822-8797c651a4dd 处理中...（?/? 页，耗时 0s）
2026-05-09 10:45:52 [DEBUG] 批次 2b80c703-6f6f-4321-b822-8797c651a4dd 处理中...（?/? 页，耗时 15s）
2026-05-09 10:46:07 [DEBUG] 批次 2b80c703-6f6f-4321-b822-8797c651a4dd 处理中...（?/? 页，耗时 31s）
2026-05-09 10:46:22 [DEBUG] 批次 2b80c703-6f6f-4321-b822-8797c651a4dd 处理中...（?/? 页，耗时 46s）
2026-05-09 10:46:38 [DEBUG] 批次 2b80c703-6f6f-4321-b822-8797c651a4dd 处理中...（?/? 页，耗时 62s）
2026-05-09 10:46:53 [DEBUG] 批次 2b80c703-6f6f-4321-b822-8797c651a4dd 处理中...（?/? 页，耗时 77s）
2026-05-09 10:47:09 [DEBUG] 批次 2b80c703-6f6f-4321-b822-8797c651a4dd 处理中...（?/? 页，耗时 93s）
2026-05-09 10:47:24 [DEBUG] 批次 2b80c703-6f6f-4321-b822-8797c651a4dd 处理中...（?/? 页，耗时 108s）
2026-05-09 10:47:40 [DEBUG] 批次 2b80c703-6f6f-4321-b822-8797c651a4dd 处理中...（?/? 页，耗时 124s）
2026-05-09 10:47:55 [DEBUG] 批次 2b80c703-6f6f-4321-b822-8797c651a4dd 处理中...（?/? 页，耗时 139s）
2026-05-09 10:48:11 [DEBUG] 批次 2b80c703-6f6f-4321-b822-8797c651a4dd 处理中...（?/? 页，耗时 155s）
2026-05-09 10:48:26 [DEBUG] 批次 2b80c703-6f6f-4321-b822-8797c651a4dd 处理中...（?/? 页，耗时 170s）
2026-05-09 10:48:42 [DEBUG] 批次 2b80c703-6f6f-4321-b822-8797c651a4dd 处理中...（?/? 页，耗时 185s）
2026-05-09 10:48:57 [DEBUG] 批次 2b80c703-6f6f-4321-b822-8797c651a4dd 处理中...（?/? 页，耗时 201s）
2026-05-09 10:49:13 [DEBUG] 批次 2b80c703-6f6f-4321-b822-8797c651a4dd 处理中...（?/? 页，耗时 217s）
2026-05-09 10:49:28 [DEBUG] 批次 2b80c703-6f6f-4321-b822-8797c651a4dd 处理中...（?/? 页，耗时 232s）
2026-05-09 10:49:44 [DEBUG] 批次 2b80c703-6f6f-4321-b822-8797c651a4dd 处理中...（?/? 页，耗时 248s）
2026-05-09 10:49:59 [DEBUG] 批次 2b80c703-6f6f-4321-b822-8797c651a4dd 处理中...（?/? 页，耗时 263s）
2026-05-09 10:50:15 [DEBUG] 批次 2b80c703-6f6f-4321-b822-8797c651a4dd 处理中...（?/? 页，耗时 279s）
2026-05-09 10:50:30 [DEBUG] 批次 2b80c703-6f6f-4321-b822-8797c651a4dd 处理中...（?/? 页，耗时 294s）
2026-05-09 10:50:45 [ERROR] 批次 2b80c703-6f6f-4321-b822-8797c651a4dd 超时（超过 300 秒）
2026-05-09 10:50:45 [WARNING] 文件 input\排查情况.docx 转换失败，跳过
2026-05-09 10:50:46 [INFO] MinerU 转换完成：0/2 个成功
2026-05-09 10:50:46 [INFO] ============================================================
2026-05-09 10:50:46 [INFO] 所有文件处理完成！输出目录：output
2026-05-09 10:50:46 [INFO] ============================================================
